#
# There is insufficient memory for the Java Runtime Environment to continue.
# Native memory allocation (malloc) failed to allocate 409376 bytes for Chunk::new
# Possible reasons:
#   The system is out of physical RAM or swap space
#   The process is running with CompressedOops enabled, and the Java Heap may be blocking the growth of the native heap
# Possible solutions:
#   Reduce memory load on the system
#   Increase physical memory or swap space
#   Check if swap backing store is full
#   Decrease Java heap size (-Xmx/-Xms)
#   Decrease number of Java threads
#   Decrease Java thread stack sizes (-Xss)
#   Set larger code cache with -XX:ReservedCodeCacheSize=
#   JVM is running with Zero Based Compressed Oops mode in which the Java heap is
#     placed in the first 32GB address space. The Java Heap base address is the
#     maximum limit for the native heap growth. Please use -XX:HeapBaseMinAddress
#     to set the Java Heap base and to place the Java Heap above 32GB virtual address.
# This output file may be truncated or incomplete.
#
#  Out of Memory Error (allocation.cpp:389), pid=18096, tid=0x00000000000016a0
#
# JRE version: Java(TM) SE Runtime Environment (8.0_202-b08) (build 1.8.0_202-b08)
# Java VM: Java HotSpot(TM) 64-Bit Server VM (25.202-b08 mixed mode windows-amd64 compressed oops)
# Failed to write core dump. Minidumps are not enabled by default on client versions of Windows
#

---------------  T H R E A D  ---------------

Current thread (0x000000001aa58000):  JavaThread "C2 CompilerThread0" daemon [_thread_in_native, id=5792, stack(0x000000001bff0000,0x000000001c0f0000)]

Stack: [0x000000001bff0000,0x000000001c0f0000]
[error occurred during error reporting (printing stack bounds), id 0xc0000005]

Native frames: (J=compiled Java code, j=interpreted, Vv=VM code, C=native code)


Current CompileTask:
C2: 117581 6319       4       org.springframework.boot.context.properties.source.ConfigurationPropertyName$ElementsParser::parse (234 bytes)


---------------  P R O C E S S  ---------------

Java Threads: ( => current thread )
  0x0000000021be5000 JavaThread "HikariPool-1 connection adder" daemon [_thread_blocked, id=4936, stack(0x00000000007d0000,0x00000000008d0000)]
  0x0000000021be3800 JavaThread "DestroyJavaVM" [_thread_blocked, id=16500, stack(0x00000000024e0000,0x00000000025e0000)]
  0x0000000021be6800 JavaThread "pool-1-thread-1" [_thread_blocked, id=17152, stack(0x0000000025950000,0x0000000025a50000)]
  0x0000000021be6000 JavaThread "http-nio-8080-Acceptor" daemon [_thread_in_native, id=14680, stack(0x0000000025850000,0x0000000025950000)]
  0x0000000021be3000 JavaThread "http-nio-8080-ClientPoller" daemon [_thread_in_native, id=9588, stack(0x0000000025750000,0x0000000025850000)]
  0x0000000021be4800 JavaThread "http-nio-8080-exec-10" daemon [_thread_blocked, id=15124, stack(0x0000000025650000,0x0000000025750000)]
  0x0000000021be0800 JavaThread "http-nio-8080-exec-9" daemon [_thread_blocked, id=16252, stack(0x0000000025550000,0x0000000025650000)]
  0x0000000021be1800 JavaThread "http-nio-8080-exec-8" daemon [_thread_blocked, id=11228, stack(0x0000000025450000,0x0000000025550000)]
  0x0000000021be2000 JavaThread "http-nio-8080-exec-7" daemon [_thread_blocked, id=13044, stack(0x0000000025350000,0x0000000025450000)]
  0x0000000021bd9000 JavaThread "http-nio-8080-exec-6" daemon [_thread_blocked, id=17764, stack(0x0000000025250000,0x0000000025350000)]
  0x0000000021be0000 JavaThread "http-nio-8080-exec-5" daemon [_thread_blocked, id=12904, stack(0x0000000025150000,0x0000000025250000)]
  0x0000000021bd8800 JavaThread "http-nio-8080-exec-4" daemon [_thread_blocked, id=14856, stack(0x0000000025050000,0x0000000025150000)]
  0x0000000021bdf000 JavaThread "http-nio-8080-exec-3" daemon [_thread_blocked, id=12604, stack(0x0000000024f50000,0x0000000025050000)]
  0x0000000021bd7800 JavaThread "http-nio-8080-exec-2" daemon [_thread_blocked, id=2456, stack(0x0000000024e50000,0x0000000024f50000)]
  0x0000000021bde800 JavaThread "http-nio-8080-exec-1" daemon [_thread_blocked, id=17744, stack(0x0000000024800000,0x0000000024900000)]
  0x0000000021bdd800 JavaThread "http-nio-8080-BlockPoller" daemon [_thread_in_native, id=14712, stack(0x0000000023d10000,0x0000000023e10000)]
  0x0000000021bdd000 JavaThread "Live Reload Server" daemon [_thread_in_native, id=10928, stack(0x0000000024600000,0x0000000024700000)]
  0x0000000021bda800 JavaThread "File Watcher" daemon [_thread_blocked, id=13316, stack(0x0000000024920000,0x0000000024a20000)]
  0x000000001c100000 JavaThread "container-0" [_thread_blocked, id=11196, stack(0x0000000023c10000,0x0000000023d10000)]
  0x000000001c0ff800 JavaThread "Catalina-utility-2" [_thread_blocked, id=15180, stack(0x0000000023b10000,0x0000000023c10000)]
  0x000000001c104800 JavaThread "Catalina-utility-1" [_thread_blocked, id=14532, stack(0x0000000023a10000,0x0000000023b10000)]
  0x000000001c103000 JavaThread "HikariPool-1 housekeeper" daemon [_thread_blocked, id=10400, stack(0x0000000022e10000,0x0000000022f10000)]
  0x000000001c102800 JavaThread "PostgreSQL-JDBC-SharedTimer-1" daemon [_thread_blocked, id=9752, stack(0x0000000022d10000,0x0000000022e10000)]
  0x000000001c17c800 JavaThread "Service Thread" daemon [_thread_blocked, id=15380, stack(0x000000001c6f0000,0x000000001c7f0000)]
  0x000000001c104000 JavaThread "C1 CompilerThread2" daemon [_thread_blocked, id=3440, stack(0x000000001c5f0000,0x000000001c6f0000)]
  0x000000001aa5b800 JavaThread "C2 CompilerThread1" daemon [_thread_blocked, id=14308, stack(0x000000001c4f0000,0x000000001c5f0000)]
=>0x000000001aa58000 JavaThread "C2 CompilerThread0" daemon [_thread_in_native, id=5792, stack(0x000000001bff0000,0x000000001c0f0000)]
  0x000000001aa56800 JavaThread "Attach Listener" daemon [_thread_blocked, id=13876, stack(0x000000001bef0000,0x000000001bff0000)]
  0x000000001a9fb000 JavaThread "Signal Dispatcher" daemon [_thread_blocked, id=9452, stack(0x000000001bdf0000,0x000000001bef0000)]
  0x00000000026de000 JavaThread "Finalizer" daemon [_thread_blocked, id=16360, stack(0x000000001bc50000,0x000000001bd50000)]
  0x00000000026d5000 JavaThread "Reference Handler" daemon [_thread_blocked, id=17096, stack(0x000000001bb50000,0x000000001bc50000)]

Other Threads:
  0x000000001a9c7800 VMThread [stack: 0x000000001ba50000,0x000000001bb50000] [id=13520]
  0x000000001c1a6800 WatcherThread [stack: 0x000000001c7f0000,0x000000001c8f0000] [id=15344]

VM state:not at safepoint (normal execution)

VM Mutex/Monitor currently owned by a thread: None

heap address: 0x00000006e1e00000, size: 3554 MB, Compressed Oops mode: Zero based, Oop shift amount: 3
Narrow klass base: 0x0000000000000000, Narrow klass shift: 3
Compressed class space size: 1073741824 Address: 0x00000007c0000000

Heap:
 PSYoungGen      total 321024K, used 74096K [0x0000000775f80000, 0x0000000792500000, 0x00000007c0000000)
  eden space 302080K, 24% used [0x0000000775f80000,0x000000077a7dc128,0x0000000788680000)
  from space 18944K, 0% used [0x0000000788680000,0x0000000788680000,0x0000000789900000)
  to   space 17920K, 0% used [0x0000000791380000,0x0000000791380000,0x0000000792500000)
 ParOldGen       total 144896K, used 21337K [0x00000006e1e00000, 0x00000006eab80000, 0x0000000775f80000)
  object space 144896K, 14% used [0x00000006e1e00000,0x00000006e32d6620,0x00000006eab80000)
 Metaspace       used 59472K, capacity 63154K, committed 63488K, reserved 1103872K
  class space    used 8002K, capacity 8634K, committed 8704K, reserved 1048576K

Card table byte_map: [0x0000000011aa0000,0x00000000121a0000] byte_map_base: 0x000000000e391000

Marking Bits: (ParMarkBitMap*) 0x00000000588f5ce0
 Begin Bits: [0x0000000012a50000, 0x00000000161d8000)
 End Bits:   [0x00000000161d8000, 0x0000000019960000)

Polling page: 0x00000000020e0000

CodeCache: size=245760Kb used=18098Kb max_used=18098Kb free=227661Kb
 bounds [0x00000000026e0000, 0x00000000038a0000, 0x00000000116e0000]
 total_blobs=6141 nmethods=5619 adapters=434
 compilation: enabled

Compilation events (10 events):
Event: 117.539 Thread 0x000000001c104000 6355       3       org.springframework.web.servlet.handler.AbstractUrlHandlerMapping::getDirectMatch (57 bytes)
Event: 117.540 Thread 0x000000001c104000 nmethod 6355 0x0000000003899b10 code [0x0000000003899d00, 0x000000000389a768]
Event: 117.540 Thread 0x000000001c104000 6359   !   3       org.postgresql.jdbc.PgStatement::executeInternal (425 bytes)
Event: 117.543 Thread 0x000000001c104000 nmethod 6359 0x000000000389aa90 code [0x000000000389ae00, 0x000000000389cff8]
Event: 117.543 Thread 0x000000001c104000 6361       3       org.apache.catalina.core.ApplicationHttpRequest::getAttribute (105 bytes)
Event: 117.544 Thread 0x000000001c104000 nmethod 6361 0x000000000389dfd0 code [0x000000000389e1e0, 0x000000000389ecb8]
Event: 117.544 Thread 0x000000001c104000 6360       3       org.postgresql.core.v3.SimpleQuery::isEmpty (8 bytes)
Event: 117.544 Thread 0x000000001c104000 nmethod 6360 0x000000000388b890 code [0x000000000388ba00, 0x000000000388bd10]
Event: 117.544 Thread 0x000000001c104000 6362       3       org.springframework.web.context.request.async.WebAsyncManager::isConcurrentHandlingStarted (25 bytes)
Event: 117.544 Thread 0x000000001c104000 nmethod 6362 0x000000000388b110 code [0x000000000388b2a0, 0x000000000388b728]

GC Heap History (10 events):
Event: 4.976 GC heap before
{Heap before GC invocations=8 (full 1):
 PSYoungGen      total 185344K, used 16251K [0x0000000775f80000, 0x0000000782280000, 0x00000007c0000000)
  eden space 172032K, 3% used [0x0000000775f80000,0x0000000776585bf0,0x0000000780780000)
  from space 13312K, 75% used [0x0000000781580000,0x0000000781f593d0,0x0000000782280000)
  to   space 13824K, 0% used [0x0000000780780000,0x0000000780780000,0x0000000781500000)
 ParOldGen       total 92160K, used 9870K [0x00000006e1e00000, 0x00000006e7800000, 0x0000000775f80000)
  object space 92160K, 10% used [0x00000006e1e00000,0x00000006e27a3b90,0x00000006e7800000)
 Metaspace       used 33164K, capacity 35397K, committed 35416K, reserved 1079296K
  class space    used 4296K, capacity 4717K, committed 4736K, reserved 1048576K
Event: 4.984 GC heap after
Heap after GC invocations=8 (full 1):
 PSYoungGen      total 185856K, used 7700K [0x0000000775f80000, 0x000000078ab00000, 0x00000007c0000000)
  eden space 172032K, 0% used [0x0000000775f80000,0x0000000775f80000,0x0000000780780000)
  from space 13824K, 55% used [0x0000000780780000,0x0000000780f05030,0x0000000781500000)
  to   space 13312K, 0% used [0x0000000789e00000,0x0000000789e00000,0x000000078ab00000)
 ParOldGen       total 92160K, used 9878K [0x00000006e1e00000, 0x00000006e7800000, 0x0000000775f80000)
  object space 92160K, 10% used [0x00000006e1e00000,0x00000006e27a5b90,0x00000006e7800000)
 Metaspace       used 33164K, capacity 35397K, committed 35416K, reserved 1079296K
  class space    used 4296K, capacity 4717K, committed 4736K, reserved 1048576K
}
Event: 4.984 GC heap before
{Heap before GC invocations=9 (full 2):
 PSYoungGen      total 185856K, used 7700K [0x0000000775f80000, 0x000000078ab00000, 0x00000007c0000000)
  eden space 172032K, 0% used [0x0000000775f80000,0x0000000775f80000,0x0000000780780000)
  from space 13824K, 55% used [0x0000000780780000,0x0000000780f05030,0x0000000781500000)
  to   space 13312K, 0% used [0x0000000789e00000,0x0000000789e00000,0x000000078ab00000)
 ParOldGen       total 92160K, used 9878K [0x00000006e1e00000, 0x00000006e7800000, 0x0000000775f80000)
  object space 92160K, 10% used [0x00000006e1e00000,0x00000006e27a5b90,0x00000006e7800000)
 Metaspace       used 33164K, capacity 35397K, committed 35416K, reserved 1079296K
  class space    used 4296K, capacity 4717K, committed 4736K, reserved 1048576K
Event: 5.038 GC heap after
Heap after GC invocations=9 (full 2):
 PSYoungGen      total 185856K, used 0K [0x0000000775f80000, 0x000000078ab00000, 0x00000007c0000000)
  eden space 172032K, 0% used [0x0000000775f80000,0x0000000775f80000,0x0000000780780000)
  from space 13824K, 0% used [0x0000000780780000,0x0000000780780000,0x0000000781500000)
  to   space 13312K, 0% used [0x0000000789e00000,0x0000000789e00000,0x000000078ab00000)
 ParOldGen       total 117760K, used 12705K [0x00000006e1e00000, 0x00000006e9100000, 0x0000000775f80000)
  object space 117760K, 10% used [0x00000006e1e00000,0x00000006e2a68588,0x00000006e9100000)
 Metaspace       used 33164K, capacity 35397K, committed 35416K, reserved 1079296K
  class space    used 4296K, capacity 4717K, committed 4736K, reserved 1048576K
}
Event: 7.995 GC heap before
{Heap before GC invocations=10 (full 2):
 PSYoungGen      total 185856K, used 172032K [0x0000000775f80000, 0x000000078ab00000, 0x00000007c0000000)
  eden space 172032K, 100% used [0x0000000775f80000,0x0000000780780000,0x0000000780780000)
  from space 13824K, 0% used [0x0000000780780000,0x0000000780780000,0x0000000781500000)
  to   space 13312K, 0% used [0x0000000789e00000,0x0000000789e00000,0x000000078ab00000)
 ParOldGen       total 117760K, used 12705K [0x00000006e1e00000, 0x00000006e9100000, 0x0000000775f80000)
  object space 117760K, 10% used [0x00000006e1e00000,0x00000006e2a68588,0x00000006e9100000)
 Metaspace       used 52627K, capacity 55827K, committed 55936K, reserved 1097728K
  class space    used 7191K, capacity 7730K, committed 7808K, reserved 1048576K
Event: 8.026 GC heap after
Heap after GC invocations=10 (full 2):
 PSYoungGen      total 315392K, used 13310K [0x0000000775f80000, 0x000000078ab80000, 0x00000007c0000000)
  eden space 302080K, 0% used [0x0000000775f80000,0x0000000775f80000,0x0000000788680000)
  from space 13312K, 99% used [0x0000000789e00000,0x000000078aaffa68,0x000000078ab00000)
  to   space 18944K, 0% used [0x0000000788680000,0x0000000788680000,0x0000000789900000)
 ParOldGen       total 117760K, used 21616K [0x00000006e1e00000, 0x00000006e9100000, 0x0000000775f80000)
  object space 117760K, 18% used [0x00000006e1e00000,0x00000006e331c1b0,0x00000006e9100000)
 Metaspace       used 52627K, capacity 55827K, committed 55936K, reserved 1097728K
  class space    used 7191K, capacity 7730K, committed 7808K, reserved 1048576K
}
Event: 115.191 GC heap before
{Heap before GC invocations=11 (full 2):
 PSYoungGen      total 315392K, used 97767K [0x0000000775f80000, 0x000000078ab80000, 0x00000007c0000000)
  eden space 302080K, 27% used [0x0000000775f80000,0x000000077b1fa2b0,0x0000000788680000)
  from space 13312K, 99% used [0x0000000789e00000,0x000000078aaffa68,0x000000078ab00000)
  to   space 18944K, 0% used [0x0000000788680000,0x0000000788680000,0x0000000789900000)
 ParOldGen       total 117760K, used 21616K [0x00000006e1e00000, 0x00000006e9100000, 0x0000000775f80000)
  object space 117760K, 18% used [0x00000006e1e00000,0x00000006e331c1b0,0x00000006e9100000)
 Metaspace       used 55493K, capacity 58982K, committed 59028K, reserved 1099776K
  class space    used 7568K, capacity 8146K, committed 8192K, reserved 1048576K
Event: 115.206 GC heap after
Heap after GC invocations=11 (full 2):
 PSYoungGen      total 321024K, used 10442K [0x0000000775f80000, 0x0000000792500000, 0x00000007c0000000)
  eden space 302080K, 0% used [0x0000000775f80000,0x0000000775f80000,0x0000000788680000)
  from space 18944K, 55% used [0x0000000788680000,0x00000007890b2890,0x0000000789900000)
  to   space 17920K, 0% used [0x0000000791380000,0x0000000791380000,0x0000000792500000)
 ParOldGen       total 117760K, used 21635K [0x00000006e1e00000, 0x00000006e9100000, 0x0000000775f80000)
  object space 117760K, 18% used [0x00000006e1e00000,0x00000006e3320e00,0x00000006e9100000)
 Metaspace       used 55493K, capacity 58982K, committed 59028K, reserved 1099776K
  class space    used 7568K, capacity 8146K, committed 8192K, reserved 1048576K
}
Event: 115.206 GC heap before
{Heap before GC invocations=12 (full 3):
 PSYoungGen      total 321024K, used 10442K [0x0000000775f80000, 0x0000000792500000, 0x00000007c0000000)
  eden space 302080K, 0% used [0x0000000775f80000,0x0000000775f80000,0x0000000788680000)
  from space 18944K, 55% used [0x0000000788680000,0x00000007890b2890,0x0000000789900000)
  to   space 17920K, 0% used [0x0000000791380000,0x0000000791380000,0x0000000792500000)
 ParOldGen       total 117760K, used 21635K [0x00000006e1e00000, 0x00000006e9100000, 0x0000000775f80000)
  object space 117760K, 18% used [0x00000006e1e00000,0x00000006e3320e00,0x00000006e9100000)
 Metaspace       used 55493K, capacity 58982K, committed 59028K, reserved 1099776K
  class space    used 7568K, capacity 8146K, committed 8192K, reserved 1048576K
Event: 115.345 GC heap after
Heap after GC invocations=12 (full 3):
 PSYoungGen      total 321024K, used 0K [0x0000000775f80000, 0x0000000792500000, 0x00000007c0000000)
  eden space 302080K, 0% used [0x0000000775f80000,0x0000000775f80000,0x0000000788680000)
  from space 18944K, 0% used [0x0000000788680000,0x0000000788680000,0x0000000789900000)
  to   space 17920K, 0% used [0x0000000791380000,0x0000000791380000,0x0000000792500000)
 ParOldGen       total 144896K, used 21337K [0x00000006e1e00000, 0x00000006eab80000, 0x0000000775f80000)
  object space 144896K, 14% used [0x00000006e1e00000,0x00000006e32d6620,0x00000006eab80000)
 Metaspace       used 55485K, capacity 58970K, committed 59028K, reserved 1099776K
  class space    used 7567K, capacity 8144K, committed 8192K, reserved 1048576K
}

Deoptimization events (10 events):
Event: 116.067 Thread 0x0000000021bd7800 Uncommon trap: reason=unstable_if action=reinterpret pc=0x0000000002d178a0 method=org.thymeleaf.engine.AbstractTextualTemplateEvent.computeWhitespace()Ljava/lang/Boolean; @ 6
Event: 116.132 Thread 0x0000000021be0000 Uncommon trap: reason=unstable_if action=reinterpret pc=0x00000000029ab030 method=org.springframework.session.web.http.OnCommittedResponseWrapper.checkContentLength(J)V @ 16
Event: 116.336 Thread 0x0000000021be0000 Uncommon trap: reason=unstable_if action=reinterpret pc=0x000000000297e93c method=sun.nio.cs.UTF_8$Decoder.decode([BII[C)I @ 30
Event: 116.336 Thread 0x0000000021be0000 Uncommon trap: reason=unstable_if action=reinterpret pc=0x00000000032a37cc method=java.lang.StringCoding.safeTrim([CILjava/nio/charset/Charset;Z)[C @ 3
Event: 116.336 Thread 0x0000000021be0000 Uncommon trap: reason=unstable_if action=reinterpret pc=0x00000000032a68cc method=java.lang.StringCoding.safeTrim([CILjava/nio/charset/Charset;Z)[C @ 3
Event: 116.336 Thread 0x0000000021be0000 Uncommon trap: reason=unstable_if action=reinterpret pc=0x00000000032a79b4 method=java.lang.StringCoding.safeTrim([CILjava/nio/charset/Charset;Z)[C @ 3
Event: 116.337 Thread 0x0000000021be0000 Uncommon trap: reason=unstable_if action=reinterpret pc=0x0000000002a0e7fc method=sun.net.www.ParseUtil.encodePath(Ljava/lang/String;Z)Ljava/lang/String; @ 81
Event: 116.337 Thread 0x0000000021be0000 Uncommon trap: reason=unstable_if action=reinterpret pc=0x00000000028575cc method=sun.nio.cs.UTF_8$Encoder.encode([CII[B)I @ 33
Event: 116.711 Thread 0x0000000021be4800 Uncommon trap: reason=unstable_if action=reinterpret pc=0x0000000002bfa420 method=java.util.concurrent.ConcurrentHashMap.addCount(JI)V @ 34
Event: 116.726 Thread 0x0000000021be0800 Uncommon trap: reason=unstable_if action=reinterpret pc=0x0000000003176f18 method=java.util.concurrent.ConcurrentHashMap.sumCount()J @ 11

Classes redefined (0 events):
No events

Internal exceptions (10 events):
Event: 7.672 Thread 0x000000001c105800 Exception <a 'java/lang/ClassNotFoundException': org/springframework/web/servlet/config/annotation/DelegatingWebMvcConfigurationCustomizer> (0x000000077f2faf88) thrown at [C:\re\workspace\8-2-build-windows-amd64-cygwin\jdk8u202\12323\hotspot\src\share\vm\
Event: 7.673 Thread 0x000000001c105800 Exception <a 'java/lang/ClassNotFoundException': org/springframework/boot/autoconfigure/web/servlet/WebMvcAutoConfiguration$EnableWebMvcConfigurationCustomizer> (0x000000077f322210) thrown at [C:\re\workspace\8-2-build-windows-amd64-cygwin\jdk8u202\12323\
Event: 7.675 Thread 0x000000001c105800 Exception <a 'java/lang/ClassNotFoundException': org/springframework/context/ResourceLoaderAwareCustomizer> (0x000000077f34b728) thrown at [C:\re\workspace\8-2-build-windows-amd64-cygwin\jdk8u202\12323\hotspot\src\share\vm\classfile\systemDictionary.cpp, 
Event: 7.675 Thread 0x000000001c105800 Exception <a 'java/lang/ClassNotFoundException': org/springframework/beans/factory/AwareCustomizer> (0x000000077f35f2b0) thrown at [C:\re\workspace\8-2-build-windows-amd64-cygwin\jdk8u202\12323\hotspot\src\share\vm\classfile\systemDictionary.cpp, line 210
Event: 7.676 Thread 0x000000001c105800 Exception <a 'java/lang/ClassNotFoundException': org/springframework/context/ApplicationContextAwareCustomizer> (0x000000077f374f48) thrown at [C:\re\workspace\8-2-build-windows-amd64-cygwin\jdk8u202\12323\hotspot\src\share\vm\classfile\systemDictionary.c
Event: 7.677 Thread 0x000000001c105800 Exception <a 'java/lang/ClassNotFoundException': org/springframework/beans/factory/AwareCustomizer> (0x000000077f3890d8) thrown at [C:\re\workspace\8-2-build-windows-amd64-cygwin\jdk8u202\12323\hotspot\src\share\vm\classfile\systemDictionary.cpp, line 210
Event: 7.678 Thread 0x000000001c105800 Exception <a 'java/lang/ClassNotFoundException': org/springframework/web/context/ServletContextAwareCustomizer> (0x000000077f39ed98) thrown at [C:\re\workspace\8-2-build-windows-amd64-cygwin\jdk8u202\12323\hotspot\src\share\vm\classfile\systemDictionary.c
Event: 7.679 Thread 0x000000001c105800 Exception <a 'java/lang/ClassNotFoundException': org/springframework/beans/factory/AwareCustomizer> (0x000000077f3b2998) thrown at [C:\re\workspace\8-2-build-windows-amd64-cygwin\jdk8u202\12323\hotspot\src\share\vm\classfile\systemDictionary.cpp, line 210
Event: 8.088 Thread 0x000000001c105800 Exception <a 'java/lang/IncompatibleClassChangeError': Found class java.lang.Object, but interface was expected> (0x0000000776226370) thrown at [C:\re\workspace\8-2-build-windows-amd64-cygwin\jdk8u202\12323\hotspot\src\share\vm\interpreter\linkResolver.cp
Event: 115.404 Thread 0x0000000021bde800 Exception <a 'java/lang/NoSuchMethodError': java.lang.Object.lambda$executeWithoutResult$0(Ljava/util/function/Consumer;Lorg/springframework/transaction/TransactionStatus;)Ljava/lang/Object;> (0x0000000776573b50) thrown at [C:\re\workspace\8-2-build-windo

Events (10 events):
Event: 117.471 loading class groovy/text$TemplateEngine
Event: 117.471 loading class groovy/text$TemplateEngine done
Event: 117.472 loading class org/apache/jasper/compiler/JspConfig
Event: 117.472 loading class org/apache/jasper/compiler/JspConfig done
Event: 117.473 loading class org/apache/jasper/compiler$JspConfig
Event: 117.473 loading class org/apache/jasper/compiler$JspConfig done
Event: 117.482 loading class org/springframework/web/util/HtmlUtils
Event: 117.482 loading class org/springframework/web/util/HtmlUtils done
Event: 117.483 loading class org/springframework/web/util/HtmlCharacterEntityReferences
Event: 117.483 loading class org/springframework/web/util/HtmlCharacterEntityReferences done


Dynamic libraries:
0x00007ff6f5820000 - 0x00007ff6f5857000 	C:\WindowWorks\pleiades\java\8\bin\javaw.exe
0x00007ffa6a850000 - 0x00007ffa6aa46000 	C:\WINDOWS\SYSTEM32\ntdll.dll
0x00007ffa68ea0000 - 0x00007ffa68f5d000 	C:\WINDOWS\System32\KERNEL32.DLL
0x00007ffa68310000 - 0x00007ffa685d9000 	C:\WINDOWS\System32\KERNELBASE.dll
0x00007ffa6a130000 - 0x00007ffa6a1dc000 	C:\WINDOWS\System32\ADVAPI32.dll
0x00007ffa69a20000 - 0x00007ffa69abe000 	C:\WINDOWS\System32\msvcrt.dll
0x00007ffa69e90000 - 0x00007ffa69f2c000 	C:\WINDOWS\System32\sechost.dll
0x00007ffa697d0000 - 0x00007ffa698fb000 	C:\WINDOWS\System32\RPCRT4.dll
0x00007ffa69f90000 - 0x00007ffa6a130000 	C:\WINDOWS\System32\USER32.dll
0x00007ffa68200000 - 0x00007ffa68222000 	C:\WINDOWS\System32\win32u.dll
0x00007ffa68f60000 - 0x00007ffa68f8a000 	C:\WINDOWS\System32\GDI32.dll
0x00007ffa67f90000 - 0x00007ffa6809b000 	C:\WINDOWS\System32\gdi32full.dll
0x00007ffa68610000 - 0x00007ffa686ad000 	C:\WINDOWS\System32\msvcp_win.dll
0x00007ffa687b0000 - 0x00007ffa688b0000 	C:\WINDOWS\System32\ucrtbase.dll
0x00007ffa54770000 - 0x00007ffa54a0b000 	C:\WINDOWS\WinSxS\amd64_microsoft.windows.common-controls_6595b64144ccf1df_6.0.19041.746_none_ca02b4b61b8320a4\COMCTL32.dll
0x00007ffa69ac0000 - 0x00007ffa69af0000 	C:\WINDOWS\System32\IMM32.DLL
0x000000005b660000 - 0x000000005b732000 	C:\WindowWorks\pleiades\java\8\jre\bin\msvcr100.dll
0x00000000580d0000 - 0x0000000058975000 	C:\WindowWorks\pleiades\java\8\jre\bin\server\jvm.dll
0x00007ffa69e80000 - 0x00007ffa69e88000 	C:\WINDOWS\System32\PSAPI.DLL
0x00007ffa5e210000 - 0x00007ffa5e237000 	C:\WINDOWS\SYSTEM32\WINMM.dll
0x00007ffa5e450000 - 0x00007ffa5e45a000 	C:\WINDOWS\SYSTEM32\VERSION.dll
0x00007ffa539e0000 - 0x00007ffa539e9000 	C:\WINDOWS\SYSTEM32\WSOCK32.dll
0x00007ffa69e10000 - 0x00007ffa69e7b000 	C:\WINDOWS\System32\WS2_32.dll
0x00007ffa64960000 - 0x00007ffa6496f000 	C:\WindowWorks\pleiades\java\8\jre\bin\verify.dll
0x00007ffa618a0000 - 0x00007ffa618c9000 	C:\WindowWorks\pleiades\java\8\jre\bin\java.dll
0x00007ffa61630000 - 0x00007ffa61646000 	C:\WindowWorks\pleiades\java\8\jre\bin\zip.dll
0x00007ffa69080000 - 0x00007ffa697c2000 	C:\WINDOWS\System32\SHELL32.dll
0x00007ffa65de0000 - 0x00007ffa66570000 	C:\WINDOWS\SYSTEM32\windows.storage.dll
0x00007ffa6a290000 - 0x00007ffa6a5e6000 	C:\WINDOWS\System32\combase.dll
0x00007ffa67920000 - 0x00007ffa6794c000 	C:\WINDOWS\SYSTEM32\Wldp.dll
0x00007ffa69d00000 - 0x00007ffa69dae000 	C:\WINDOWS\System32\SHCORE.dll
0x00007ffa68930000 - 0x00007ffa68985000 	C:\WINDOWS\System32\shlwapi.dll
0x00007ffa67ec0000 - 0x00007ffa67ee6000 	C:\WINDOWS\SYSTEM32\profapi.dll
0x00007ffa61960000 - 0x00007ffa6196d000 	C:\WindowWorks\pleiades\java\8\jre\bin\management.dll
0x00007ffa60510000 - 0x00007ffa6052a000 	C:\WindowWorks\pleiades\java\8\jre\bin\net.dll
0x00007ffa59500000 - 0x00007ffa596ee000 	C:\WINDOWS\SYSTEM32\urlmon.dll
0x00007ffa59250000 - 0x00007ffa59500000 	C:\WINDOWS\SYSTEM32\iertutil.dll
0x00007ffa676a0000 - 0x00007ffa6770a000 	C:\WINDOWS\system32\mswsock.dll
0x00007ffa619e0000 - 0x00007ffa619f7000 	C:\WINDOWS\system32\napinsp.dll
0x00007ffa61be0000 - 0x00007ffa61bfb000 	C:\WINDOWS\system32\pnrpnsp.dll
0x00007ffa62cc0000 - 0x00007ffa62cd5000 	C:\WINDOWS\system32\wshbth.dll
0x00007ffa636e0000 - 0x00007ffa636fd000 	C:\WINDOWS\system32\NLAapi.dll
0x00007ffa67390000 - 0x00007ffa673cb000 	C:\WINDOWS\SYSTEM32\IPHLPAPI.DLL
0x00007ffa673d0000 - 0x00007ffa6749b000 	C:\WINDOWS\SYSTEM32\DNSAPI.dll
0x00007ffa6a650000 - 0x00007ffa6a658000 	C:\WINDOWS\System32\NSI.dll
0x00007ffa61ec0000 - 0x00007ffa61ed2000 	C:\WINDOWS\System32\winrnr.dll
0x00007ffa5f650000 - 0x00007ffa5f65a000 	C:\Windows\System32\rasadhlp.dll
0x00007ffa5cc10000 - 0x00007ffa5cc8f000 	C:\WINDOWS\System32\fwpuclnt.dll
0x00007ffa685e0000 - 0x00007ffa68607000 	C:\WINDOWS\System32\bcrypt.dll
0x00007ffa60410000 - 0x00007ffa60422000 	C:\WindowWorks\pleiades\java\8\jre\bin\nio.dll
0x00007ffa67880000 - 0x00007ffa67898000 	C:\WINDOWS\SYSTEM32\CRYPTSP.dll
0x00007ffa67040000 - 0x00007ffa67074000 	C:\WINDOWS\system32\rsaenh.dll
0x00007ffa67e40000 - 0x00007ffa67e6e000 	C:\WINDOWS\SYSTEM32\USERENV.dll
0x00007ffa68230000 - 0x00007ffa682b0000 	C:\WINDOWS\System32\bcryptprimitives.dll
0x00007ffa67870000 - 0x00007ffa6787c000 	C:\WINDOWS\SYSTEM32\CRYPTBASE.dll
0x00007ffa5d970000 - 0x00007ffa5d987000 	C:\WINDOWS\SYSTEM32\dhcpcsvc6.DLL
0x00007ffa5da20000 - 0x00007ffa5da3d000 	C:\WINDOWS\SYSTEM32\dhcpcsvc.DLL
0x00007ffa54740000 - 0x00007ffa54764000 	C:\WindowWorks\pleiades\java\8\jre\bin\sunec.dll

VM Arguments:
jvm_args: -Dfile.encoding=UTF-8 
java_command: jp.dcnet.DcnetShopApplication
java_class_path (initial): C:\WindowWorks\pleiades\workspace\dcnet_shop\target\classes;C:\Users\ykofi\.m2\repository\org\springframework\boot\spring-boot-starter-data-jpa\2.4.3\spring-boot-starter-data-jpa-2.4.3.jar;C:\Users\ykofi\.m2\repository\org\springframework\boot\spring-boot-starter-aop\2.4.3\spring-boot-starter-aop-2.4.3.jar;C:\Users\ykofi\.m2\repository\org\springframework\spring-aop\5.3.4\spring-aop-5.3.4.jar;C:\Users\ykofi\.m2\repository\org\aspectj\aspectjweaver\1.9.6\aspectjweaver-1.9.6.jar;C:\Users\ykofi\.m2\repository\org\springframework\boot\spring-boot-starter-jdbc\2.4.3\spring-boot-starter-jdbc-2.4.3.jar;C:\Users\ykofi\.m2\repository\com\zaxxer\HikariCP\3.4.5\HikariCP-3.4.5.jar;C:\Users\ykofi\.m2\repository\jakarta\transaction\jakarta.transaction-api\1.3.3\jakarta.transaction-api-1.3.3.jar;C:\Users\ykofi\.m2\repository\jakarta\persistence\jakarta.persistence-api\2.2.3\jakarta.persistence-api-2.2.3.jar;C:\Users\ykofi\.m2\repository\org\hibernate\hibernate-core\5.4.28.Final\hibernate-core-5.4.28.Final.jar;C:\Users\ykofi\.m2\repository\org\jboss\logging\jboss-logging\3.4.1.Final\jboss-logging-3.4.1.Final.jar;C:\Users\ykofi\.m2\repository\org\javassist\javassist\3.27.0-GA\javassist-3.27.0-GA.jar;C:\Users\ykofi\.m2\repository\net\bytebuddy\byte-buddy\1.10.20\byte-buddy-1.10.20.jar;C:\Users\ykofi\.m2\repository\antlr\antlr\2.7.7\antlr-2.7.7.jar;C:\Users\ykofi\.m2\repository\org\jboss\jandex\2.2.3.Final\jandex-2.2.3.Final.jar;C:\Users\ykofi\.m2\repository\com\fasterxml\classmate\1.5.1\classmate-1.5.1.jar;C:\Users\ykofi\.m2\repository\org\dom4j\dom4j\2.1.3\dom4j-2.1.3.jar;C:\Users\ykofi\.m2\repository\org\hibernate\common\hibernate-commons-annotations\5.1.2.Final\hibernate-commons-annotations-5.1.2.Final.jar;C:\Users\ykofi\.m2\repository\org\glassfish\jaxb\jaxb-runtime\2.3.3\jaxb-runtime-2.3.3.jar;C:\Users\ykofi\.m2\repository\org\glassfish\jaxb\txw2\2.3.3\txw2-2.3.3.jar;C:\Users\ykofi\.m2\repository\com\sun\istack\istack-commons-runtime\3.0.11\istack-co
Launcher Type: SUN_STANDARD

Environment Variables:
PATH=C:/WindowWorks/pleiades/eclipse//jre/bin/server;C:/WindowWorks/pleiades/eclipse//jre/bin;C:\Program Files\Common Files\Oracle\Java\javapath;C:\Program Files (x86)\Common Files\Oracle\Java\javapath;C:\Program Files (x86)\Common Files\Intel\Shared Libraries\redist\intel64\compiler;C:\WINDOWS\system32;C:\WINDOWS;C:\WINDOWS\System32\Wbem;C:\WINDOWS\System32\WindowsPowerShell\v1.0\;C:\WINDOWS\System32\OpenSSH\;C:\Users\ykofi\AppData\Local\Microsoft\WindowsApps;;C:\WindowWorks\VScode\Microsoft VS Code\bin;C:\WindowWorks\pleiades\eclipse;
USERNAME=ykofi
OS=Windows_NT
PROCESSOR_IDENTIFIER=AMD64 Family 23 Model 24 Stepping 1, AuthenticAMD



---------------  S Y S T E M  ---------------

OS: Windows 10.0 , 64 bit Build 19041 (10.0.19041.804)

CPU:total 4 (initial active 4) (4 cores per cpu, 1 threads per core) family 23 model 24 stepping 1, cmov, cx8, fxsr, mmx, sse, sse2, sse3, ssse3, sse4.1, sse4.2, popcnt, avx, avx2, aes, clmul, mmxext, 3dnowpref, lzcnt, sse4a, tsc, tscinvbit, tscinv, bmi1

Memory: 4k page, physical 14554952k(1822688k free), swap 14554952k(5432k free)

vm_info: Java HotSpot(TM) 64-Bit Server VM (25.202-b08) for windows-amd64 JRE (1.8.0_202-b08), built on Dec 15 2018 19:54:30 by "java_re" with MS VC++ 10.0 (VS2010)

time: Mon Mar 15 15:30:50 2021
timezone: ìåãû (ïWèÄéû)
elapsed time: 117 seconds (0d 0h 1m 57s)

