#
# There is insufficient memory for the Java Runtime Environment to continue.
# Native memory allocation (malloc) failed to allocate 385056 bytes for Chunk::new
# Possible reasons:
#   The system is out of physical RAM or swap space
#   The process is running with CompressedOops enabled, and the Java Heap may be blocking the growth of the native heap
# Possible solutions:
#   Reduce memory load on the system
#   Increase physical memory or swap space
#   Check if swap backing store is full
#   Decrease Java heap size (-Xmx/-Xms)
#   Decrease number of Java threads
#   Decrease Java thread stack sizes (-Xss)
#   Set larger code cache with -XX:ReservedCodeCacheSize=
#   JVM is running with Zero Based Compressed Oops mode in which the Java heap is
#     placed in the first 32GB address space. The Java Heap base address is the
#     maximum limit for the native heap growth. Please use -XX:HeapBaseMinAddress
#     to set the Java Heap base and to place the Java Heap above 32GB virtual address.
# This output file may be truncated or incomplete.
#
#  Out of Memory Error (allocation.cpp:389), pid=6988, tid=0x00000000000042fc
#
# JRE version: Java(TM) SE Runtime Environment (8.0_202-b08) (build 1.8.0_202-b08)
# Java VM: Java HotSpot(TM) 64-Bit Server VM (25.202-b08 mixed mode windows-amd64 compressed oops)
# Failed to write core dump. Minidumps are not enabled by default on client versions of Windows
#

---------------  T H R E A D  ---------------

Current thread (0x000000001af79800):  JavaThread "C2 CompilerThread0" daemon [_thread_in_native, id=17148, stack(0x000000001c480000,0x000000001c580000)]

Stack: [0x000000001c480000,0x000000001c580000]
[error occurred during error reporting (printing stack bounds), id 0xc0000005]

Native frames: (J=compiled Java code, j=interpreted, Vv=VM code, C=native code)


Current CompileTask:
C2:   6515 3786   !   4       sun.misc.URLClassPath$JarLoader::getResource (353 bytes)


---------------  P R O C E S S  ---------------

Java Threads: ( => current thread )
  0x000000001f76e000 JavaThread "HikariPool-1 connection adder" daemon [_thread_blocked, id=12076, stack(0x00000000220d0000,0x00000000221d0000)]
  0x000000001fb2d000 JavaThread "HikariPool-1 housekeeper" daemon [_thread_blocked, id=16128, stack(0x0000000021fd0000,0x00000000220d0000)]
  0x00000000208c8000 JavaThread "PostgreSQL-JDBC-SharedTimer-1" daemon [_thread_blocked, id=17452, stack(0x0000000021ed0000,0x0000000021fd0000)]
  0x000000001c604800 JavaThread "Service Thread" daemon [_thread_blocked, id=9272, stack(0x000000001cb80000,0x000000001cc80000)]
  0x000000001c585800 JavaThread "C1 CompilerThread2" daemon [_thread_blocked, id=9528, stack(0x000000001ca80000,0x000000001cb80000)]
  0x000000001c580800 JavaThread "C2 CompilerThread1" daemon [_thread_blocked, id=12080, stack(0x000000001c980000,0x000000001ca80000)]
=>0x000000001af79800 JavaThread "C2 CompilerThread0" daemon [_thread_in_native, id=17148, stack(0x000000001c480000,0x000000001c580000)]
  0x000000001af78800 JavaThread "Attach Listener" daemon [_thread_blocked, id=17780, stack(0x000000001c380000,0x000000001c480000)]
  0x000000001af1b000 JavaThread "Signal Dispatcher" daemon [_thread_blocked, id=13292, stack(0x000000001c280000,0x000000001c380000)]
  0x0000000002bfd800 JavaThread "Finalizer" daemon [_thread_blocked, id=4208, stack(0x000000001c180000,0x000000001c280000)]
  0x0000000002bf5000 JavaThread "Reference Handler" daemon [_thread_blocked, id=3448, stack(0x000000001c080000,0x000000001c180000)]
  0x0000000002b05000 JavaThread "main" [_thread_in_vm, id=17640, stack(0x00000000029b0000,0x0000000002ab0000)]

Other Threads:
  0x000000001aee7000 VMThread [stack: 0x000000001bf80000,0x000000001c080000] [id=18368]
  0x000000001c62f000 WatcherThread [stack: 0x000000001cc80000,0x000000001cd80000] [id=8400]

VM state:not at safepoint (normal execution)

VM Mutex/Monitor currently owned by a thread: None

heap address: 0x00000006e1e00000, size: 3554 MB, Compressed Oops mode: Zero based, Oop shift amount: 3
Narrow klass base: 0x0000000000000000, Narrow klass shift: 3
Compressed class space size: 1073741824 Address: 0x00000007c0000000

Heap:
 PSYoungGen      total 122368K, used 70083K [0x0000000775f80000, 0x000000077ed00000, 0x00000007c0000000)
  eden space 113152K, 61% used [0x0000000775f80000,0x000000077a3f0c78,0x000000077ce00000)
  from space 9216K, 0% used [0x000000077ce00000,0x000000077ce00000,0x000000077d700000)
  to   space 12800K, 0% used [0x000000077e080000,0x000000077e080000,0x000000077ed00000)
 ParOldGen       total 92672K, used 12105K [0x00000006e1e00000, 0x00000006e7880000, 0x0000000775f80000)
  object space 92672K, 13% used [0x00000006e1e00000,0x00000006e29d2508,0x00000006e7880000)
 Metaspace       used 43971K, capacity 46182K, committed 46552K, reserved 1089536K
  class space    used 5973K, capacity 6363K, committed 6400K, reserved 1048576K

Card table byte_map: [0x0000000011fc0000,0x00000000126c0000] byte_map_base: 0x000000000e8b1000

Marking Bits: (ParMarkBitMap*) 0x0000000063675ce0
 Begin Bits: [0x0000000012f70000, 0x00000000166f8000)
 End Bits:   [0x00000000166f8000, 0x0000000019e80000)

Polling page: 0x0000000000840000

CodeCache: size=245760Kb used=11965Kb max_used=13008Kb free=233794Kb
 bounds [0x0000000002c00000, 0x00000000038c0000, 0x0000000011c00000]
 total_blobs=3951 nmethods=3486 adapters=378
 compilation: enabled

Compilation events (10 events):
Event: 6.486 Thread 0x000000001c585800 nmethod 3784 0x0000000002d73810 code [0x0000000002d73980, 0x0000000002d73c90]
Event: 6.486 Thread 0x000000001c585800 3785       3       net.bytebuddy.description.type.TypeDescription$Generic$OfNonGenericType::<init> (5 bytes)
Event: 6.486 Thread 0x000000001c585800 nmethod 3785 0x0000000002e82290 code [0x0000000002e82400, 0x0000000002e82670]
Event: 6.487 Thread 0x000000001af79800 nmethod 3778 0x0000000002eec8d0 code [0x0000000002eeca20, 0x0000000002eecbe8]
Event: 6.494 Thread 0x000000001af79800 3786   !   4       sun.misc.URLClassPath$JarLoader::getResource (353 bytes)
Event: 6.498 Thread 0x000000001c585800 3788       3       net.bytebuddy.description.method.ParameterList$TypeSubstituting::size (10 bytes)
Event: 6.498 Thread 0x000000001c585800 nmethod 3788 0x0000000003115290 code [0x0000000003115400, 0x0000000003115628]
Event: 6.498 Thread 0x000000001c585800 3787       3       net.bytebuddy.description.type.TypeDefinition$Sort::describe (127 bytes)
Event: 6.499 Thread 0x000000001c585800 nmethod 3787 0x0000000002db4110 code [0x0000000002db4420, 0x0000000002db6018]
Event: 6.499 Thread 0x000000001c580800 nmethod 3774 0x0000000002ebf1d0 code [0x0000000002ebf4a0, 0x0000000002ec0870]

GC Heap History (10 events):
Event: 5.739 GC heap before
{Heap before GC invocations=10 (full 3):
 PSYoungGen      total 122368K, used 6822K [0x0000000775f80000, 0x000000077f680000, 0x00000007c0000000)
  eden space 113152K, 0% used [0x0000000775f80000,0x0000000775f80000,0x000000077ce00000)
  from space 9216K, 74% used [0x000000077ce00000,0x000000077d4a9a88,0x000000077d700000)
  to   space 10240K, 0% used [0x000000077ec80000,0x000000077ec80000,0x000000077f680000)
 ParOldGen       total 92672K, used 14417K [0x00000006e1e00000, 0x00000006e7880000, 0x0000000775f80000)
  object space 92672K, 15% used [0x00000006e1e00000,0x00000006e2c14680,0x00000006e7880000)
 Metaspace       used 39384K, capacity 41620K, committed 41816K, reserved 1089536K
  class space    used 5258K, capacity 5654K, committed 5760K, reserved 1048576K
Event: 5.864 GC heap after
Heap after GC invocations=10 (full 3):
 PSYoungGen      total 122368K, used 0K [0x0000000775f80000, 0x000000077f680000, 0x00000007c0000000)
  eden space 113152K, 0% used [0x0000000775f80000,0x0000000775f80000,0x000000077ce00000)
  from space 9216K, 0% used [0x000000077ce00000,0x000000077ce00000,0x000000077d700000)
  to   space 10240K, 0% used [0x000000077ec80000,0x000000077ec80000,0x000000077f680000)
 ParOldGen       total 92672K, used 18459K [0x00000006e1e00000, 0x00000006e7880000, 0x0000000775f80000)
  object space 92672K, 19% used [0x00000006e1e00000,0x00000006e3006c70,0x00000006e7880000)
 Metaspace       used 39384K, capacity 41620K, committed 41816K, reserved 1087488K
  class space    used 5258K, capacity 5654K, committed 5760K, reserved 1048576K
}
Event: 5.866 GC heap before
{Heap before GC invocations=11 (full 3):
 PSYoungGen      total 122368K, used 4371K [0x0000000775f80000, 0x000000077f680000, 0x00000007c0000000)
  eden space 113152K, 3% used [0x0000000775f80000,0x00000007763c4d28,0x000000077ce00000)
  from space 9216K, 0% used [0x000000077ce00000,0x000000077ce00000,0x000000077d700000)
  to   space 10240K, 0% used [0x000000077ec80000,0x000000077ec80000,0x000000077f680000)
 ParOldGen       total 92672K, used 18459K [0x00000006e1e00000, 0x00000006e7880000, 0x0000000775f80000)
  object space 92672K, 19% used [0x00000006e1e00000,0x00000006e3006c70,0x00000006e7880000)
 Metaspace       used 39386K, capacity 41620K, committed 41816K, reserved 1091584K
  class space    used 5259K, capacity 5654K, committed 5760K, reserved 1048576K
Event: 5.868 GC heap after
Heap after GC invocations=11 (full 3):
 PSYoungGen      total 123392K, used 128K [0x0000000775f80000, 0x000000077f680000, 0x00000007c0000000)
  eden space 113152K, 0% used [0x0000000775f80000,0x0000000775f80000,0x000000077ce00000)
  from space 10240K, 1% used [0x000000077ec80000,0x000000077eca0000,0x000000077f680000)
  to   space 9216K, 0% used [0x000000077ce00000,0x000000077ce00000,0x000000077d700000)
 ParOldGen       total 92672K, used 18459K [0x00000006e1e00000, 0x00000006e7880000, 0x0000000775f80000)
  object space 92672K, 19% used [0x00000006e1e00000,0x00000006e3006c70,0x00000006e7880000)
 Metaspace       used 39386K, capacity 41620K, committed 41816K, reserved 1091584K
  class space    used 5259K, capacity 5654K, committed 5760K, reserved 1048576K
}
Event: 5.868 GC heap before
{Heap before GC invocations=12 (full 4):
 PSYoungGen      total 123392K, used 128K [0x0000000775f80000, 0x000000077f680000, 0x00000007c0000000)
  eden space 113152K, 0% used [0x0000000775f80000,0x0000000775f80000,0x000000077ce00000)
  from space 10240K, 1% used [0x000000077ec80000,0x000000077eca0000,0x000000077f680000)
  to   space 9216K, 0% used [0x000000077ce00000,0x000000077ce00000,0x000000077d700000)
 ParOldGen       total 92672K, used 18459K [0x00000006e1e00000, 0x00000006e7880000, 0x0000000775f80000)
  object space 92672K, 19% used [0x00000006e1e00000,0x00000006e3006c70,0x00000006e7880000)
 Metaspace       used 39386K, capacity 41620K, committed 41816K, reserved 1091584K
  class space    used 5259K, capacity 5654K, committed 5760K, reserved 1048576K
Event: 5.906 GC heap after
Heap after GC invocations=12 (full 4):
 PSYoungGen      total 123392K, used 0K [0x0000000775f80000, 0x000000077f680000, 0x00000007c0000000)
  eden space 113152K, 0% used [0x0000000775f80000,0x0000000775f80000,0x000000077ce00000)
  from space 10240K, 0% used [0x000000077ec80000,0x000000077ec80000,0x000000077f680000)
  to   space 9216K, 0% used [0x000000077ce00000,0x000000077ce00000,0x000000077d700000)
 ParOldGen       total 92672K, used 15080K [0x00000006e1e00000, 0x00000006e7880000, 0x0000000775f80000)
  object space 92672K, 16% used [0x00000006e1e00000,0x00000006e2cba128,0x00000006e7880000)
 Metaspace       used 39386K, capacity 41620K, committed 41816K, reserved 1087488K
  class space    used 5259K, capacity 5654K, committed 5760K, reserved 1048576K
}
Event: 5.906 GC heap before
{Heap before GC invocations=13 (full 4):
 PSYoungGen      total 123392K, used 0K [0x0000000775f80000, 0x000000077f680000, 0x00000007c0000000)
  eden space 113152K, 0% used [0x0000000775f80000,0x0000000775f80000,0x000000077ce00000)
  from space 10240K, 0% used [0x000000077ec80000,0x000000077ec80000,0x000000077f680000)
  to   space 9216K, 0% used [0x000000077ce00000,0x000000077ce00000,0x000000077d700000)
 ParOldGen       total 92672K, used 15080K [0x00000006e1e00000, 0x00000006e7880000, 0x0000000775f80000)
  object space 92672K, 16% used [0x00000006e1e00000,0x00000006e2cba128,0x00000006e7880000)
 Metaspace       used 39386K, capacity 41620K, committed 41816K, reserved 1091584K
  class space    used 5259K, capacity 5654K, committed 5760K, reserved 1048576K
Event: 5.909 GC heap after
Heap after GC invocations=13 (full 4):
 PSYoungGen      total 122368K, used 0K [0x0000000775f80000, 0x000000077ed00000, 0x00000007c0000000)
  eden space 113152K, 0% used [0x0000000775f80000,0x0000000775f80000,0x000000077ce00000)
  from space 9216K, 0% used [0x000000077ce00000,0x000000077ce00000,0x000000077d700000)
  to   space 12800K, 0% used [0x000000077e080000,0x000000077e080000,0x000000077ed00000)
 ParOldGen       total 92672K, used 15080K [0x00000006e1e00000, 0x00000006e7880000, 0x0000000775f80000)
  object space 92672K, 16% used [0x00000006e1e00000,0x00000006e2cba128,0x00000006e7880000)
 Metaspace       used 39386K, capacity 41620K, committed 41816K, reserved 1091584K
  class space    used 5259K, capacity 5654K, committed 5760K, reserved 1048576K
}
Event: 5.909 GC heap before
{Heap before GC invocations=14 (full 5):
 PSYoungGen      total 122368K, used 0K [0x0000000775f80000, 0x000000077ed00000, 0x00000007c0000000)
  eden space 113152K, 0% used [0x0000000775f80000,0x0000000775f80000,0x000000077ce00000)
  from space 9216K, 0% used [0x000000077ce00000,0x000000077ce00000,0x000000077d700000)
  to   space 12800K, 0% used [0x000000077e080000,0x000000077e080000,0x000000077ed00000)
 ParOldGen       total 92672K, used 15080K [0x00000006e1e00000, 0x00000006e7880000, 0x0000000775f80000)
  object space 92672K, 16% used [0x00000006e1e00000,0x00000006e2cba128,0x00000006e7880000)
 Metaspace       used 39386K, capacity 41620K, committed 41816K, reserved 1091584K
  class space    used 5259K, capacity 5654K, committed 5760K, reserved 1048576K
Event: 5.990 GC heap after
Heap after GC invocations=14 (full 5):
 PSYoungGen      total 122368K, used 0K [0x0000000775f80000, 0x000000077ed00000, 0x00000007c0000000)
  eden space 113152K, 0% used [0x0000000775f80000,0x0000000775f80000,0x000000077ce00000)
  from space 9216K, 0% used [0x000000077ce00000,0x000000077ce00000,0x000000077d700000)
  to   space 12800K, 0% used [0x000000077e080000,0x000000077e080000,0x000000077ed00000)
 ParOldGen       total 92672K, used 12105K [0x00000006e1e00000, 0x00000006e7880000, 0x0000000775f80000)
  object space 92672K, 13% used [0x00000006e1e00000,0x00000006e29d2508,0x00000006e7880000)
 Metaspace       used 39245K, capacity 41392K, committed 41816K, reserved 1087488K
  class space    used 5233K, capacity 5608K, committed 5760K, reserved 1048576K
}

Deoptimization events (10 events):
Event: 4.608 Thread 0x0000000002b05000 Uncommon trap: reason=unstable_if action=reinterpret pc=0x00000000035e0454 method=java.util.Properties.load0(Ljava/util/Properties$LineReader;)V @ 33
Event: 4.608 Thread 0x0000000002b05000 Uncommon trap: reason=unstable_if action=reinterpret pc=0x00000000035dcc4c method=java.util.Properties.load0(Ljava/util/Properties$LineReader;)V @ 33
Event: 4.608 Thread 0x0000000002b05000 Uncommon trap: reason=bimorphic action=maybe_recompile pc=0x00000000035de380 method=java.util.Properties$LineReader.readLine()I @ 410
Event: 5.031 Thread 0x000000001f76e000 Uncommon trap: reason=unstable_if action=reinterpret pc=0x000000000380696c method=com.sun.crypto.provider.PBKDF2KeyImpl.deriveKey(Ljavax/crypto/Mac;[B[BII)[B @ 172
Event: 5.353 Thread 0x0000000002b05000 Uncommon trap: reason=unstable_if action=reinterpret pc=0x00000000032d7438 method=java.lang.ClassLoader.getClassLoadingLock(Ljava/lang/String;)Ljava/lang/Object; @ 6
Event: 6.031 Thread 0x0000000002b05000 Uncommon trap: reason=null_check action=make_not_entrant pc=0x0000000003516e64 method=java.lang.Class.reflectionData()Ljava/lang/Class$ReflectionData; @ 24
Event: 6.039 Thread 0x0000000002b05000 Uncommon trap: reason=null_check action=make_not_entrant pc=0x00000000035b1984 method=java.lang.Class.reflectionData()Ljava/lang/Class$ReflectionData; @ 24
Event: 6.266 Thread 0x0000000002b05000 Uncommon trap: reason=unstable_if action=reinterpret pc=0x0000000003607abc method=java.lang.Class$MethodArray.addIfNotPresent(Ljava/lang/reflect/Method;)V @ 19
Event: 6.266 Thread 0x0000000002b05000 Uncommon trap: reason=unstable_if action=reinterpret pc=0x00000000035efca4 method=java.lang.Class$MethodArray.addIfNotPresent(Ljava/lang/reflect/Method;)V @ 19
Event: 6.293 Thread 0x0000000002b05000 Uncommon trap: reason=bimorphic action=maybe_recompile pc=0x0000000002d15f84 method=java.lang.Throwable.<init>(Ljava/lang/String;Ljava/lang/Throwable;)V @ 24

Classes redefined (0 events):
No events

Internal exceptions (10 events):
Event: 3.950 Thread 0x0000000002b05000 Exception <a 'java/lang/ClassNotFoundException': org/springframework/context/EmbeddedValueResolverAwareCustomizer> (0x000000077af85b48) thrown at [C:\re\workspace\8-2-build-windows-amd64-cygwin\jdk8u202\12323\hotspot\src\share\vm\classfile\systemDictionar
Event: 3.951 Thread 0x0000000002b05000 Exception <a 'java/lang/ClassNotFoundException': org/springframework/beans/factory/AwareCustomizer> (0x000000077af9b310) thrown at [C:\re\workspace\8-2-build-windows-amd64-cygwin\jdk8u202\12323\hotspot\src\share\vm\classfile\systemDictionary.cpp, line 210
Event: 3.954 Thread 0x0000000002b05000 Exception <a 'java/lang/ClassNotFoundException': org/springframework/context/annotation/ImportAwareCustomizer> (0x000000077afb29c8) thrown at [C:\re\workspace\8-2-build-windows-amd64-cygwin\jdk8u202\12323\hotspot\src\share\vm\classfile\systemDictionary.cp
Event: 3.955 Thread 0x0000000002b05000 Exception <a 'java/lang/ClassNotFoundException': org/springframework/beans/factory/AwareCustomizer> (0x000000077afc8070) thrown at [C:\re\workspace\8-2-build-windows-amd64-cygwin\jdk8u202\12323\hotspot\src\share\vm\classfile\systemDictionary.cpp, line 210
Event: 3.957 Thread 0x0000000002b05000 Exception <a 'java/lang/ClassNotFoundException': org/springframework/context/ApplicationContextAwareCustomizer> (0x000000077afdfc68) thrown at [C:\re\workspace\8-2-build-windows-amd64-cygwin\jdk8u202\12323\hotspot\src\share\vm\classfile\systemDictionary.c
Event: 3.958 Thread 0x0000000002b05000 Exception <a 'java/lang/ClassNotFoundException': org/springframework/beans/factory/AwareCustomizer> (0x000000077aff5958) thrown at [C:\re\workspace\8-2-build-windows-amd64-cygwin\jdk8u202\12323\hotspot\src\share\vm\classfile\systemDictionary.cpp, line 210
Event: 4.007 Thread 0x0000000002b05000 Exception <a 'java/lang/NoSuchMethodError': java.lang.Object.lambda$static$0(Ljava/lang/Object;)Ljava/lang/Object;> (0x000000077b28d2d8) thrown at [C:\re\workspace\8-2-build-windows-amd64-cygwin\jdk8u202\12323\hotspot\src\share\vm\interpreter\linkResolver
Event: 4.022 Thread 0x0000000002b05000 Implicit null exception at 0x0000000002ec5a96 to 0x0000000002ec5e29
Event: 6.031 Thread 0x0000000002b05000 Implicit null exception at 0x00000000035169e2 to 0x0000000003516e51
Event: 6.039 Thread 0x0000000002b05000 Implicit null exception at 0x00000000035b13e5 to 0x00000000035b1969

Events (10 events):
Event: 6.509 loading class net/bytebuddy/dynamic/scaffold/TypeWriter$Default
Event: 6.509 loading class net/bytebuddy/dynamic/scaffold/TypeWriter$Default done
Event: 6.510 loading class net/bytebuddy/dynamic/scaffold/TypeWriter
Event: 6.510 loading class net/bytebuddy/dynamic/scaffold/TypeWriter done
Event: 6.511 loading class net/bytebuddy/dynamic/scaffold/inline/MethodRebaseResolver
Event: 6.511 loading class net/bytebuddy/dynamic/scaffold/inline/MethodRebaseResolver done
Event: 6.511 loading class net/bytebuddy/dynamic/scaffold/TypeWriter$Default$ClassDumpAction$Dispatcher$Disabled
Event: 6.511 loading class net/bytebuddy/dynamic/scaffold/TypeWriter$Default$ClassDumpAction$Dispatcher$Disabled done
Event: 6.511 loading class net/bytebuddy/dynamic/scaffold/TypeWriter$Default$ClassDumpAction$Dispatcher
Event: 6.511 loading class net/bytebuddy/dynamic/scaffold/TypeWriter$Default$ClassDumpAction$Dispatcher done


Dynamic libraries:
0x00007ff7c9ec0000 - 0x00007ff7c9ef7000 	C:\WindowWorks\pleiades\java\8\bin\javaw.exe
0x00007ffcf39c0000 - 0x00007ffcf3bb0000 	C:\Windows\SYSTEM32\ntdll.dll
0x00007ffcf33c0000 - 0x00007ffcf3472000 	C:\Windows\System32\KERNEL32.DLL
0x00007ffcf0be0000 - 0x00007ffcf0e85000 	C:\Windows\System32\KERNELBASE.dll
0x00007ffcf2a70000 - 0x00007ffcf2b13000 	C:\Windows\System32\ADVAPI32.dll
0x00007ffcf1a70000 - 0x00007ffcf1b0e000 	C:\Windows\System32\msvcrt.dll
0x00007ffcf34e0000 - 0x00007ffcf3577000 	C:\Windows\System32\sechost.dll
0x00007ffcf25b0000 - 0x00007ffcf26cf000 	C:\Windows\System32\RPCRT4.dll
0x00007ffcf30a0000 - 0x00007ffcf3234000 	C:\Windows\System32\USER32.dll
0x00007ffcf17b0000 - 0x00007ffcf17d1000 	C:\Windows\System32\win32u.dll
0x00007ffcf26d0000 - 0x00007ffcf26f6000 	C:\Windows\System32\GDI32.dll
0x00007ffcf0940000 - 0x00007ffcf0ad8000 	C:\Windows\System32\gdi32full.dll
0x00007ffcf1710000 - 0x00007ffcf17ae000 	C:\Windows\System32\msvcp_win.dll
0x00007ffcf0ae0000 - 0x00007ffcf0bda000 	C:\Windows\System32\ucrtbase.dll
0x00007ffcdd890000 - 0x00007ffcddb14000 	C:\Windows\WinSxS\amd64_microsoft.windows.common-controls_6595b64144ccf1df_6.0.18362.1379_none_9e7ff3b3e45cc0c4\COMCTL32.dll
0x00007ffcf35a0000 - 0x00007ffcf38d7000 	C:\Windows\System32\combase.dll
0x00007ffcf17e0000 - 0x00007ffcf1861000 	C:\Windows\System32\bcryptPrimitives.dll
0x00007ffcf3940000 - 0x00007ffcf396e000 	C:\Windows\System32\IMM32.DLL
0x0000000063950000 - 0x0000000063a22000 	C:\WindowWorks\pleiades\java\8\jre\bin\msvcr100.dll
0x0000000062e50000 - 0x00000000636f5000 	C:\WindowWorks\pleiades\java\8\jre\bin\server\jvm.dll
0x00007ffcf3970000 - 0x00007ffcf3978000 	C:\Windows\System32\PSAPI.DLL
0x00007ffcd63c0000 - 0x00007ffcd63c9000 	C:\Windows\SYSTEM32\WSOCK32.dll
0x00007ffced190000 - 0x00007ffced1b4000 	C:\Windows\SYSTEM32\WINMM.dll
0x00007ffce8040000 - 0x00007ffce804a000 	C:\Windows\SYSTEM32\VERSION.dll
0x00007ffcf2b30000 - 0x00007ffcf2b9f000 	C:\Windows\System32\WS2_32.dll
0x00007ffced160000 - 0x00007ffced18d000 	C:\Windows\SYSTEM32\WINMMBASE.dll
0x00007ffcf16c0000 - 0x00007ffcf170a000 	C:\Windows\System32\cfgmgr32.dll
0x00007ffcecd30000 - 0x00007ffcecd3f000 	C:\WindowWorks\pleiades\java\8\jre\bin\verify.dll
0x00007ffce87b0000 - 0x00007ffce87d9000 	C:\WindowWorks\pleiades\java\8\jre\bin\java.dll
0x00007ffcea770000 - 0x00007ffcea786000 	C:\WindowWorks\pleiades\java\8\jre\bin\zip.dll
0x00007ffcf1cc0000 - 0x00007ffcf23a8000 	C:\Windows\System32\SHELL32.dll
0x00007ffcf2500000 - 0x00007ffcf25a7000 	C:\Windows\System32\shcore.dll
0x00007ffcf0f40000 - 0x00007ffcf16bb000 	C:\Windows\System32\windows.storage.dll
0x00007ffcf0910000 - 0x00007ffcf0933000 	C:\Windows\System32\profapi.dll
0x00007ffcf08a0000 - 0x00007ffcf08ea000 	C:\Windows\System32\powrprof.dll
0x00007ffcf0870000 - 0x00007ffcf0880000 	C:\Windows\System32\UMPDC.dll
0x00007ffcf2a10000 - 0x00007ffcf2a62000 	C:\Windows\System32\shlwapi.dll
0x00007ffcf0880000 - 0x00007ffcf0891000 	C:\Windows\System32\kernel.appcore.dll
0x00007ffcf18a0000 - 0x00007ffcf18b7000 	C:\Windows\System32\cryptsp.dll
0x00007ffcea900000 - 0x00007ffcea90d000 	C:\WindowWorks\pleiades\java\8\jre\bin\management.dll
0x00007ffcea2f0000 - 0x00007ffcea30a000 	C:\WindowWorks\pleiades\java\8\jre\bin\net.dll
0x00007ffcdf0d0000 - 0x00007ffcdf2a6000 	C:\Windows\SYSTEM32\urlmon.dll
0x00007ffcdedf0000 - 0x00007ffcdf097000 	C:\Windows\SYSTEM32\iertutil.dll
0x00007ffcf0220000 - 0x00007ffcf022c000 	C:\Windows\SYSTEM32\CRYPTBASE.DLL
0x00007ffcf0050000 - 0x00007ffcf00b7000 	C:\Windows\system32\mswsock.dll
0x00007ffcd9d70000 - 0x00007ffcd9d86000 	C:\Windows\system32\napinsp.dll
0x00007ffcd9d50000 - 0x00007ffcd9d6a000 	C:\Windows\system32\pnrpnsp.dll
0x00007ffcefdb0000 - 0x00007ffcefe7b000 	C:\Windows\SYSTEM32\DNSAPI.dll
0x00007ffcf2c20000 - 0x00007ffcf2c28000 	C:\Windows\System32\NSI.dll
0x00007ffcefd60000 - 0x00007ffcefd9a000 	C:\Windows\SYSTEM32\IPHLPAPI.DLL
0x00007ffcd9d40000 - 0x00007ffcd9d4e000 	C:\Windows\System32\winrnr.dll
0x00007ffcecd10000 - 0x00007ffcecd2c000 	C:\Windows\system32\NLAapi.dll
0x00007ffceaf80000 - 0x00007ffceaf95000 	C:\Windows\system32\wshbth.dll
0x00007ffce8380000 - 0x00007ffce838a000 	C:\Windows\System32\rasadhlp.dll
0x00007ffce4b20000 - 0x00007ffce4b97000 	C:\Windows\System32\fwpuclnt.dll
0x00007ffcf1870000 - 0x00007ffcf1896000 	C:\Windows\System32\bcrypt.dll
0x00007ffce8790000 - 0x00007ffce87a2000 	C:\WindowWorks\pleiades\java\8\jre\bin\nio.dll
0x00007ffcefbd0000 - 0x00007ffcefc03000 	C:\Windows\system32\rsaenh.dll
0x00007ffcf0790000 - 0x00007ffcf07b5000 	C:\Windows\SYSTEM32\USERENV.dll
0x00007ffce4c10000 - 0x00007ffce4c26000 	C:\Windows\SYSTEM32\dhcpcsvc6.DLL
0x00007ffce50f0000 - 0x00007ffce510c000 	C:\Windows\SYSTEM32\dhcpcsvc.DLL
0x00007ffce2a90000 - 0x00007ffce2ab4000 	C:\WindowWorks\pleiades\java\8\jre\bin\sunec.dll

VM Arguments:
jvm_args: -Dfile.encoding=UTF-8 
java_command: jp.dcnet.DcnetShopApplication
java_class_path (initial): C:\WindowWorks\pleiades\workspace\dcnet_shop\target\classes;C:\Users\ykofi\.m2\repository\org\springframework\boot\spring-boot-starter-data-jpa\2.4.3\spring-boot-starter-data-jpa-2.4.3.jar;C:\Users\ykofi\.m2\repository\org\springframework\boot\spring-boot-starter-aop\2.4.3\spring-boot-starter-aop-2.4.3.jar;C:\Users\ykofi\.m2\repository\org\springframework\spring-aop\5.3.4\spring-aop-5.3.4.jar;C:\Users\ykofi\.m2\repository\org\aspectj\aspectjweaver\1.9.6\aspectjweaver-1.9.6.jar;C:\Users\ykofi\.m2\repository\org\springframework\boot\spring-boot-starter-jdbc\2.4.3\spring-boot-starter-jdbc-2.4.3.jar;C:\Users\ykofi\.m2\repository\com\zaxxer\HikariCP\3.4.5\HikariCP-3.4.5.jar;C:\Users\ykofi\.m2\repository\jakarta\transaction\jakarta.transaction-api\1.3.3\jakarta.transaction-api-1.3.3.jar;C:\Users\ykofi\.m2\repository\jakarta\persistence\jakarta.persistence-api\2.2.3\jakarta.persistence-api-2.2.3.jar;C:\Users\ykofi\.m2\repository\org\hibernate\hibernate-core\5.4.28.Final\hibernate-core-5.4.28.Final.jar;C:\Users\ykofi\.m2\repository\org\jboss\logging\jboss-logging\3.4.1.Final\jboss-logging-3.4.1.Final.jar;C:\Users\ykofi\.m2\repository\org\javassist\javassist\3.27.0-GA\javassist-3.27.0-GA.jar;C:\Users\ykofi\.m2\repository\net\bytebuddy\byte-buddy\1.10.20\byte-buddy-1.10.20.jar;C:\Users\ykofi\.m2\repository\antlr\antlr\2.7.7\antlr-2.7.7.jar;C:\Users\ykofi\.m2\repository\org\jboss\jandex\2.2.3.Final\jandex-2.2.3.Final.jar;C:\Users\ykofi\.m2\repository\com\fasterxml\classmate\1.5.1\classmate-1.5.1.jar;C:\Users\ykofi\.m2\repository\org\dom4j\dom4j\2.1.3\dom4j-2.1.3.jar;C:\Users\ykofi\.m2\repository\org\hibernate\common\hibernate-commons-annotations\5.1.2.Final\hibernate-commons-annotations-5.1.2.Final.jar;C:\Users\ykofi\.m2\repository\org\glassfish\jaxb\jaxb-runtime\2.3.3\jaxb-runtime-2.3.3.jar;C:\Users\ykofi\.m2\repository\org\glassfish\jaxb\txw2\2.3.3\txw2-2.3.3.jar;C:\Users\ykofi\.m2\repository\com\sun\istack\istack-commons-runtime\3.0.11\istack-co
Launcher Type: SUN_STANDARD

Environment Variables:
PATH=C:/WindowWorks/pleiades/eclipse//jre/bin/server;C:/WindowWorks/pleiades/eclipse//jre/bin;C:\Program Files\Common Files\Oracle\Java\javapath;C:\Program Files (x86)\Common Files\Oracle\Java\javapath;C:\Program Files (x86)\Common Files\Intel\Shared Libraries\redist\intel64\compiler;C:\Windows\system32;C:\Windows;C:\Windows\System32\Wbem;C:\Windows\System32\WindowsPowerShell\v1.0\;C:\Windows\System32\OpenSSH\;C:\Users\ykofi\AppData\Local\Microsoft\WindowsApps;;C:\WindowWorks\VScode\Microsoft VS Code\bin;C:\WindowWorks\pleiades\eclipse;
USERNAME=ykofi
OS=Windows_NT
PROCESSOR_IDENTIFIER=AMD64 Family 23 Model 24 Stepping 1, AuthenticAMD



---------------  S Y S T E M  ---------------

OS: Windows 10.0 , 64 bit Build 18362 (10.0.18362.1350)

CPU:total 4 (initial active 4) (4 cores per cpu, 1 threads per core) family 23 model 24 stepping 1, cmov, cx8, fxsr, mmx, sse, sse2, sse3, ssse3, sse4.1, sse4.2, popcnt, avx, avx2, aes, clmul, mmxext, 3dnowpref, lzcnt, sse4a, tsc, tscinvbit, tscinv, bmi1

Memory: 4k page, physical 14554952k(1424576k free), swap 14554952k(5256k free)

vm_info: Java HotSpot(TM) 64-Bit Server VM (25.202-b08) for windows-amd64 JRE (1.8.0_202-b08), built on Dec 15 2018 19:54:30 by "java_re" with MS VC++ 10.0 (VS2010)

time: Thu Mar 04 16:13:16 2021
timezone: ìåãû (ïWèÄéû)
elapsed time: 6 seconds (0d 0h 0m 6s)

