#
# There is insufficient memory for the Java Runtime Environment to continue.
# Native memory allocation (malloc) failed to allocate 191664 bytes for Chunk::new
# Possible reasons:
#   The system is out of physical RAM or swap space
#   The process is running with CompressedOops enabled, and the Java Heap may be blocking the growth of the native heap
# Possible solutions:
#   Reduce memory load on the system
#   Increase physical memory or swap space
#   Check if swap backing store is full
#   Decrease Java heap size (-Xmx/-Xms)
#   Decrease number of Java threads
#   Decrease Java thread stack sizes (-Xss)
#   Set larger code cache with -XX:ReservedCodeCacheSize=
#   JVM is running with Zero Based Compressed Oops mode in which the Java heap is
#     placed in the first 32GB address space. The Java Heap base address is the
#     maximum limit for the native heap growth. Please use -XX:HeapBaseMinAddress
#     to set the Java Heap base and to place the Java Heap above 32GB virtual address.
# This output file may be truncated or incomplete.
#
#  Out of Memory Error (allocation.cpp:389), pid=13984, tid=0x0000000000000a1c
#
# JRE version: Java(TM) SE Runtime Environment (8.0_202-b08) (build 1.8.0_202-b08)
# Java VM: Java HotSpot(TM) 64-Bit Server VM (25.202-b08 mixed mode windows-amd64 compressed oops)
# Failed to write core dump. Minidumps are not enabled by default on client versions of Windows
#

---------------  T H R E A D  ---------------

Current thread (0x000000001b9b8000):  JavaThread "C2 CompilerThread0" daemon [_thread_in_native, id=2588, stack(0x000000001ceb0000,0x000000001cfb0000)]

Stack: [0x000000001ceb0000,0x000000001cfb0000]
[error occurred during error reporting (printing stack bounds), id 0xc0000005]

Native frames: (J=compiled Java code, j=interpreted, Vv=VM code, C=native code)


Current CompileTask:
C2:   7113 3665       4       java.lang.invoke.MethodType::makeImpl (66 bytes)


---------------  P R O C E S S  ---------------

Java Threads: ( => current thread )
  0x00000000223cc000 JavaThread "HikariPool-1 connection adder" daemon [_thread_in_native, id=2216, stack(0x0000000023c60000,0x0000000023d60000)]
  0x00000000223ce000 JavaThread "HikariPool-1 housekeeper" daemon [_thread_blocked, id=9868, stack(0x0000000023d70000,0x0000000023e70000)]
  0x00000000223cc800 JavaThread "PostgreSQL-JDBC-SharedTimer-1" daemon [_thread_blocked, id=4352, stack(0x0000000023b60000,0x0000000023c60000)]
  0x000000001e70b000 JavaThread "restartedMain" [_thread_in_native, id=11512, stack(0x000000001f160000,0x000000001f260000)]
  0x000000001e7a3800 JavaThread "Thread-0" [_thread_blocked, id=15188, stack(0x000000001f060000,0x000000001f160000)]
  0x000000001d02d000 JavaThread "Service Thread" daemon [_thread_blocked, id=11088, stack(0x000000001d5b0000,0x000000001d6b0000)]
  0x000000001cfba000 JavaThread "C1 CompilerThread2" daemon [_thread_blocked, id=3676, stack(0x000000001d4b0000,0x000000001d5b0000)]
  0x000000001cfb2000 JavaThread "C2 CompilerThread1" daemon [_thread_blocked, id=1676, stack(0x000000001d3b0000,0x000000001d4b0000)]
=>0x000000001b9b8000 JavaThread "C2 CompilerThread0" daemon [_thread_in_native, id=2588, stack(0x000000001ceb0000,0x000000001cfb0000)]
  0x000000001b9b6800 JavaThread "Attach Listener" daemon [_thread_blocked, id=4560, stack(0x000000001cdb0000,0x000000001ceb0000)]
  0x000000001b95b000 JavaThread "Signal Dispatcher" daemon [_thread_blocked, id=5684, stack(0x000000001ccb0000,0x000000001cdb0000)]
  0x000000000363e000 JavaThread "Finalizer" daemon [_thread_blocked, id=15504, stack(0x000000001cbb0000,0x000000001ccb0000)]
  0x0000000003635000 JavaThread "Reference Handler" daemon [_thread_blocked, id=15200, stack(0x000000001cab0000,0x000000001cbb0000)]
  0x0000000003545000 JavaThread "main" [_thread_blocked, id=16148, stack(0x0000000003410000,0x0000000003510000)]

Other Threads:
  0x000000001b927800 VMThread [stack: 0x000000001c9b0000,0x000000001cab0000] [id=10544]
  0x000000001d057800 WatcherThread [stack: 0x000000001d6b0000,0x000000001d7b0000] [id=8628]

VM state:not at safepoint (normal execution)

VM Mutex/Monitor currently owned by a thread: None

heap address: 0x00000006e1e00000, size: 3554 MB, Compressed Oops mode: Zero based, Oop shift amount: 3
Narrow klass base: 0x0000000000000000, Narrow klass shift: 3
Compressed class space size: 1073741824 Address: 0x00000007c0000000

Heap:
 PSYoungGen      total 92160K, used 33862K [0x0000000775f80000, 0x000000077c580000, 0x00000007c0000000)
  eden space 81920K, 41% used [0x0000000775f80000,0x0000000778091be0,0x000000077af80000)
  from space 10240K, 0% used [0x000000077bb80000,0x000000077bb80000,0x000000077c580000)
  to   space 11264K, 0% used [0x000000077af80000,0x000000077af80000,0x000000077ba80000)
 ParOldGen       total 94720K, used 14933K [0x00000006e1e00000, 0x00000006e7a80000, 0x0000000775f80000)
  object space 94720K, 15% used [0x00000006e1e00000,0x00000006e2c956f8,0x00000006e7a80000)
 Metaspace       used 37211K, capacity 39505K, committed 39680K, reserved 1083392K
  class space    used 4859K, capacity 5281K, committed 5376K, reserved 1048576K

Card table byte_map: [0x0000000012a00000,0x0000000013100000] byte_map_base: 0x000000000f2f1000

Marking Bits: (ParMarkBitMap*) 0x000000006ab05ce0
 Begin Bits: [0x00000000139b0000, 0x0000000017138000)
 End Bits:   [0x0000000017138000, 0x000000001a8c0000)

Polling page: 0x00000000017b0000

CodeCache: size=245760Kb used=12393Kb max_used=13030Kb free=233366Kb
 bounds [0x0000000003640000, 0x0000000004330000, 0x0000000012640000]
 total_blobs=3796 nmethods=3378 adapters=331
 compilation: enabled

Compilation events (10 events):
Event: 7.054 Thread 0x000000001cfba000 nmethod 3667 0x0000000003a2c7d0 code [0x0000000003a2c920, 0x0000000003a2ca30]
Event: 7.079 Thread 0x000000001cfb2000 nmethod 3666 0x0000000003868610 code [0x0000000003868820, 0x0000000003869a88]
Event: 7.082 Thread 0x000000001cfba000 3668       1       org.postgresql.shaded.com.ongres.scram.common.ScramAttributes::getChar (5 bytes)
Event: 7.082 Thread 0x000000001cfba000 nmethod 3668 0x0000000003b09010 code [0x0000000003b09160, 0x0000000003b09270]
Event: 7.083 Thread 0x000000001cfba000 3669       3       org.postgresql.core.PGStream::sendChar (9 bytes)
Event: 7.083 Thread 0x000000001cfba000 nmethod 3669 0x00000000037fb510 code [0x00000000037fb680, 0x00000000037fb8a8]
Event: 7.083 Thread 0x000000001cfba000 3670  s    3       java.io.BufferedOutputStream::write (35 bytes)
Event: 7.083 Thread 0x000000001cfba000 nmethod 3670 0x00000000037bccd0 code [0x00000000037bce60, 0x00000000037bd328]
Event: 7.083 Thread 0x000000001cfba000 3671       3       java.lang.Character::valueOf (21 bytes)
Event: 7.083 Thread 0x000000001cfba000 nmethod 3671 0x0000000003779690 code [0x0000000003779800, 0x0000000003779ab0]

GC Heap History (10 events):
Event: 3.682 GC heap before
{Heap before GC invocations=6 (full 1):
 PSYoungGen      total 67072K, used 57856K [0x0000000775f80000, 0x000000077aa00000, 0x00000007c0000000)
  eden space 57856K, 100% used [0x0000000775f80000,0x0000000779800000,0x0000000779800000)
  from space 9216K, 0% used [0x000000077a100000,0x000000077a100000,0x000000077aa00000)
  to   space 9216K, 0% used [0x0000000779800000,0x0000000779800000,0x000000077a100000)
 ParOldGen       total 94720K, used 6998K [0x00000006e1e00000, 0x00000006e7a80000, 0x0000000775f80000)
  object space 94720K, 7% used [0x00000006e1e00000,0x00000006e24d5ae0,0x00000006e7a80000)
 Metaspace       used 23367K, capacity 24804K, committed 25088K, reserved 1071104K
  class space    used 2990K, capacity 3258K, committed 3328K, reserved 1048576K
Event: 3.687 GC heap after
Heap after GC invocations=6 (full 1):
 PSYoungGen      total 67072K, used 5387K [0x0000000775f80000, 0x000000077c600000, 0x00000007c0000000)
  eden space 57856K, 0% used [0x0000000775f80000,0x0000000775f80000,0x0000000779800000)
  from space 9216K, 58% used [0x0000000779800000,0x0000000779d42f00,0x000000077a100000)
  to   space 10752K, 0% used [0x000000077bb80000,0x000000077bb80000,0x000000077c600000)
 ParOldGen       total 94720K, used 7006K [0x00000006e1e00000, 0x00000006e7a80000, 0x0000000775f80000)
  object space 94720K, 7% used [0x00000006e1e00000,0x00000006e24d7ae0,0x00000006e7a80000)
 Metaspace       used 23367K, capacity 24804K, committed 25088K, reserved 1071104K
  class space    used 2990K, capacity 3258K, committed 3328K, reserved 1048576K
}
Event: 4.991 GC heap before
{Heap before GC invocations=7 (full 1):
 PSYoungGen      total 67072K, used 63232K [0x0000000775f80000, 0x000000077c600000, 0x00000007c0000000)
  eden space 57856K, 99% used [0x0000000775f80000,0x00000007797fd4a8,0x0000000779800000)
  from space 9216K, 58% used [0x0000000779800000,0x0000000779d42f00,0x000000077a100000)
  to   space 10752K, 0% used [0x000000077bb80000,0x000000077bb80000,0x000000077c600000)
 ParOldGen       total 94720K, used 7006K [0x00000006e1e00000, 0x00000006e7a80000, 0x0000000775f80000)
  object space 94720K, 7% used [0x00000006e1e00000,0x00000006e24d7ae0,0x00000006e7a80000)
 Metaspace       used 28719K, capacity 30776K, committed 31104K, reserved 1077248K
  class space    used 3730K, capacity 4106K, committed 4224K, reserved 1048576K
Event: 5.001 GC heap after
Heap after GC invocations=7 (full 1):
 PSYoungGen      total 92160K, used 8771K [0x0000000775f80000, 0x000000077c580000, 0x00000007c0000000)
  eden space 81920K, 0% used [0x0000000775f80000,0x0000000775f80000,0x000000077af80000)
  from space 10240K, 85% used [0x000000077bb80000,0x000000077c410d60,0x000000077c580000)
  to   space 11264K, 0% used [0x000000077af80000,0x000000077af80000,0x000000077ba80000)
 ParOldGen       total 94720K, used 7014K [0x00000006e1e00000, 0x00000006e7a80000, 0x0000000775f80000)
  object space 94720K, 7% used [0x00000006e1e00000,0x00000006e24d9ae0,0x00000006e7a80000)
 Metaspace       used 28719K, capacity 30776K, committed 31104K, reserved 1077248K
  class space    used 3730K, capacity 4106K, committed 4224K, reserved 1048576K
}
Event: 5.192 GC heap before
{Heap before GC invocations=8 (full 1):
 PSYoungGen      total 92160K, used 90691K [0x0000000775f80000, 0x000000077c580000, 0x00000007c0000000)
  eden space 81920K, 100% used [0x0000000775f80000,0x000000077af80000,0x000000077af80000)
  from space 10240K, 85% used [0x000000077bb80000,0x000000077c410d60,0x000000077c580000)
  to   space 11264K, 0% used [0x000000077af80000,0x000000077af80000,0x000000077ba80000)
 ParOldGen       total 94720K, used 7014K [0x00000006e1e00000, 0x00000006e7a80000, 0x0000000775f80000)
  object space 94720K, 7% used [0x00000006e1e00000,0x00000006e24d9ae0,0x00000006e7a80000)
 Metaspace       used 29322K, capacity 31354K, committed 31616K, reserved 1077248K
  class space    used 3788K, capacity 4145K, committed 4224K, reserved 1048576K
Event: 5.204 GC heap after
Heap after GC invocations=8 (full 1):
 PSYoungGen      total 93184K, used 5880K [0x0000000775f80000, 0x000000077c580000, 0x00000007c0000000)
  eden space 81920K, 0% used [0x0000000775f80000,0x0000000775f80000,0x000000077af80000)
  from space 11264K, 52% used [0x000000077af80000,0x000000077b53e0f8,0x000000077ba80000)
  to   space 10240K, 0% used [0x000000077bb80000,0x000000077bb80000,0x000000077c580000)
 ParOldGen       total 94720K, used 7014K [0x00000006e1e00000, 0x00000006e7a80000, 0x0000000775f80000)
  object space 94720K, 7% used [0x00000006e1e00000,0x00000006e24d9ae0,0x00000006e7a80000)
 Metaspace       used 29322K, capacity 31354K, committed 31616K, reserved 1077248K
  class space    used 3788K, capacity 4145K, committed 4224K, reserved 1048576K
}
Event: 6.205 GC heap before
{Heap before GC invocations=9 (full 1):
 PSYoungGen      total 93184K, used 40493K [0x0000000775f80000, 0x000000077c580000, 0x00000007c0000000)
  eden space 81920K, 42% used [0x0000000775f80000,0x000000077814d6d8,0x000000077af80000)
  from space 11264K, 52% used [0x000000077af80000,0x000000077b53e0f8,0x000000077ba80000)
  to   space 10240K, 0% used [0x000000077bb80000,0x000000077bb80000,0x000000077c580000)
 ParOldGen       total 94720K, used 7014K [0x00000006e1e00000, 0x00000006e7a80000, 0x0000000775f80000)
  object space 94720K, 7% used [0x00000006e1e00000,0x00000006e24d9ae0,0x00000006e7a80000)
 Metaspace       used 33121K, capacity 35365K, committed 35416K, reserved 1079296K
  class space    used 4287K, capacity 4685K, committed 4736K, reserved 1048576K
Event: 6.215 GC heap after
Heap after GC invocations=9 (full 1):
 PSYoungGen      total 92160K, used 10023K [0x0000000775f80000, 0x000000077c580000, 0x00000007c0000000)
  eden space 81920K, 0% used [0x0000000775f80000,0x0000000775f80000,0x000000077af80000)
  from space 10240K, 97% used [0x000000077bb80000,0x000000077c549fc0,0x000000077c580000)
  to   space 11264K, 0% used [0x000000077af80000,0x000000077af80000,0x000000077ba80000)
 ParOldGen       total 94720K, used 7022K [0x00000006e1e00000, 0x00000006e7a80000, 0x0000000775f80000)
  object space 94720K, 7% used [0x00000006e1e00000,0x00000006e24dbae0,0x00000006e7a80000)
 Metaspace       used 33121K, capacity 35365K, committed 35416K, reserved 1079296K
  class space    used 4287K, capacity 4685K, committed 4736K, reserved 1048576K
}
Event: 6.215 GC heap before
{Heap before GC invocations=10 (full 2):
 PSYoungGen      total 92160K, used 10023K [0x0000000775f80000, 0x000000077c580000, 0x00000007c0000000)
  eden space 81920K, 0% used [0x0000000775f80000,0x0000000775f80000,0x000000077af80000)
  from space 10240K, 97% used [0x000000077bb80000,0x000000077c549fc0,0x000000077c580000)
  to   space 11264K, 0% used [0x000000077af80000,0x000000077af80000,0x000000077ba80000)
 ParOldGen       total 94720K, used 7022K [0x00000006e1e00000, 0x00000006e7a80000, 0x0000000775f80000)
  object space 94720K, 7% used [0x00000006e1e00000,0x00000006e24dbae0,0x00000006e7a80000)
 Metaspace       used 33121K, capacity 35365K, committed 35416K, reserved 1079296K
  class space    used 4287K, capacity 4685K, committed 4736K, reserved 1048576K
Event: 6.269 GC heap after
Heap after GC invocations=10 (full 2):
 PSYoungGen      total 92160K, used 0K [0x0000000775f80000, 0x000000077c580000, 0x00000007c0000000)
  eden space 81920K, 0% used [0x0000000775f80000,0x0000000775f80000,0x000000077af80000)
  from space 10240K, 0% used [0x000000077bb80000,0x000000077bb80000,0x000000077c580000)
  to   space 11264K, 0% used [0x000000077af80000,0x000000077af80000,0x000000077ba80000)
 ParOldGen       total 94720K, used 14933K [0x00000006e1e00000, 0x00000006e7a80000, 0x0000000775f80000)
  object space 94720K, 15% used [0x00000006e1e00000,0x00000006e2c956f8,0x00000006e7a80000)
 Metaspace       used 33121K, capacity 35365K, committed 35416K, reserved 1079296K
  class space    used 4287K, capacity 4685K, committed 4736K, reserved 1048576K
}

Deoptimization events (10 events):
Event: 6.169 Thread 0x000000001e70b000 Uncommon trap: reason=unstable_if action=reinterpret pc=0x00000000040b994c method=java.util.Properties.load0(Ljava/util/Properties$LineReader;)V @ 33
Event: 6.573 Thread 0x00000000223cc000 Uncommon trap: reason=speculate_class_check action=maybe_recompile pc=0x00000000042a61cc method=sun.security.provider.DigestBase.engineReset()V @ 11
Event: 6.573 Thread 0x00000000223cc000 Uncommon trap: reason=class_check action=maybe_recompile pc=0x00000000042aaf00 method=sun.security.provider.DigestBase.engineDigest([BII)I @ 97
Event: 6.573 Thread 0x00000000223cc000 Uncommon trap: reason=class_check action=maybe_recompile pc=0x00000000042aaf00 method=sun.security.provider.DigestBase.engineDigest([BII)I @ 97
Event: 6.573 Thread 0x00000000223cc000 Uncommon trap: reason=speculate_class_check action=maybe_recompile pc=0x00000000042a61cc method=sun.security.provider.DigestBase.engineReset()V @ 11
Event: 6.573 Thread 0x00000000223cc000 Uncommon trap: reason=class_check action=maybe_recompile pc=0x00000000042aaf00 method=sun.security.provider.DigestBase.engineDigest([BII)I @ 97
Event: 6.573 Thread 0x00000000223cc000 Uncommon trap: reason=speculate_class_check action=maybe_recompile pc=0x00000000042a61cc method=sun.security.provider.DigestBase.engineReset()V @ 11
Event: 6.573 Thread 0x00000000223cc000 Uncommon trap: reason=class_check action=maybe_recompile pc=0x00000000042aaf00 method=sun.security.provider.DigestBase.engineDigest([BII)I @ 97
Event: 6.573 Thread 0x00000000223cc000 Uncommon trap: reason=speculate_class_check action=maybe_recompile pc=0x00000000042a61cc method=sun.security.provider.DigestBase.engineReset()V @ 11
Event: 6.585 Thread 0x00000000223cc000 Uncommon trap: reason=unstable_if action=reinterpret pc=0x00000000042f6450 method=com.sun.crypto.provider.PBKDF2KeyImpl.deriveKey(Ljavax/crypto/Mac;[B[BII)[B @ 172

Classes redefined (0 events):
No events

Internal exceptions (10 events):
Event: 5.287 Thread 0x000000001e70b000 Exception <a 'java/lang/ClassNotFoundException': org/springframework/beans/factory/BeanClassLoaderAwareCustomizer> (0x000000077629a9e0) thrown at [C:\re\workspace\8-2-build-windows-amd64-cygwin\jdk8u202\12323\hotspot\src\share\vm\classfile\systemDictionar
Event: 5.289 Thread 0x000000001e70b000 Exception <a 'java/lang/ClassNotFoundException': org/springframework/beans/factory/AwareCustomizer> (0x00000007762b2360) thrown at [C:\re\workspace\8-2-build-windows-amd64-cygwin\jdk8u202\12323\hotspot\src\share\vm\classfile\systemDictionary.cpp, line 210
Event: 5.291 Thread 0x000000001e70b000 Exception <a 'java/lang/ClassNotFoundException': org/springframework/context/EmbeddedValueResolverAwareCustomizer> (0x00000007762cca08) thrown at [C:\re\workspace\8-2-build-windows-amd64-cygwin\jdk8u202\12323\hotspot\src\share\vm\classfile\systemDictionar
Event: 5.292 Thread 0x000000001e70b000 Exception <a 'java/lang/ClassNotFoundException': org/springframework/beans/factory/AwareCustomizer> (0x00000007762e3f88) thrown at [C:\re\workspace\8-2-build-windows-amd64-cygwin\jdk8u202\12323\hotspot\src\share\vm\classfile\systemDictionary.cpp, line 210
Event: 5.294 Thread 0x000000001e70b000 Exception <a 'java/lang/ClassNotFoundException': org/springframework/context/annotation/ImportAwareCustomizer> (0x00000007762fd5f0) thrown at [C:\re\workspace\8-2-build-windows-amd64-cygwin\jdk8u202\12323\hotspot\src\share\vm\classfile\systemDictionary.cp
Event: 5.295 Thread 0x000000001e70b000 Exception <a 'java/lang/ClassNotFoundException': org/springframework/beans/factory/AwareCustomizer> (0x0000000776314b80) thrown at [C:\re\workspace\8-2-build-windows-amd64-cygwin\jdk8u202\12323\hotspot\src\share\vm\classfile\systemDictionary.cpp, line 210
Event: 5.297 Thread 0x000000001e70b000 Exception <a 'java/lang/ClassNotFoundException': org/springframework/context/ApplicationContextAwareCustomizer> (0x000000077632e770) thrown at [C:\re\workspace\8-2-build-windows-amd64-cygwin\jdk8u202\12323\hotspot\src\share\vm\classfile\systemDictionary.c
Event: 5.297 Thread 0x000000001e70b000 Exception <a 'java/lang/ClassNotFoundException': org/springframework/beans/factory/AwareCustomizer> (0x0000000776346218) thrown at [C:\re\workspace\8-2-build-windows-amd64-cygwin\jdk8u202\12323\hotspot\src\share\vm\classfile\systemDictionary.cpp, line 210
Event: 5.353 Thread 0x000000001e70b000 Exception <a 'java/lang/NoSuchMethodError': java.lang.Object.lambda$static$0(Ljava/lang/Object;)Ljava/lang/Object;> (0x000000077661b6e8) thrown at [C:\re\workspace\8-2-build-windows-amd64-cygwin\jdk8u202\12323\hotspot\src\share\vm\interpreter\linkResolver
Event: 5.368 Thread 0x000000001e70b000 Implicit null exception at 0x0000000003964756 to 0x0000000003964ae9

Events (10 events):
Event: 7.108 loading class org/hibernate/boot/internal/MetadataBuilderImpl$MetadataBuildingOptionsImpl$1
Event: 7.108 loading class org/hibernate/boot/internal/MetadataBuilderImpl$MetadataBuildingOptionsImpl$1 done
Event: 7.108 loading class org/hibernate/boot/internal/MetadataBuilderImpl$MetadataBuildingOptionsImpl$2
Event: 7.108 loading class org/hibernate/boot/internal/MetadataBuilderImpl$MetadataBuildingOptionsImpl$2 done
Event: 7.109 loading class org/hibernate/cache/internal/StrategyCreatorRegionFactoryImpl
Event: 7.109 loading class org/hibernate/cache/internal/StrategyCreatorRegionFactoryImpl done
Event: 7.110 loading class org/hibernate/cache/internal/NoCachingRegionFactory
Event: 7.110 loading class org/hibernate/cache/internal/NoCachingRegionFactory done
Event: 7.111 loading class org/hibernate/cache/spi/CacheTransactionSynchronization
Event: 7.111 loading class org/hibernate/cache/spi/CacheTransactionSynchronization done


Dynamic libraries:
0x00007ff79fe30000 - 0x00007ff79fe67000 	C:\WindowWorks\pleiades\java\8\bin\javaw.exe
0x00007ffff7810000 - 0x00007ffff7a06000 	C:\WINDOWS\SYSTEM32\ntdll.dll
0x00007ffff60d0000 - 0x00007ffff618d000 	C:\WINDOWS\System32\KERNEL32.DLL
0x00007ffff50b0000 - 0x00007ffff5379000 	C:\WINDOWS\System32\KERNELBASE.dll
0x00007ffff6f40000 - 0x00007ffff6fec000 	C:\WINDOWS\System32\ADVAPI32.dll
0x00007ffff6730000 - 0x00007ffff67ce000 	C:\WINDOWS\System32\msvcrt.dll
0x00007ffff74d0000 - 0x00007ffff756c000 	C:\WINDOWS\System32\sechost.dll
0x00007ffff6600000 - 0x00007ffff672b000 	C:\WINDOWS\System32\RPCRT4.dll
0x00007ffff63b0000 - 0x00007ffff6550000 	C:\WINDOWS\System32\USER32.dll
0x00007ffff5840000 - 0x00007ffff5862000 	C:\WINDOWS\System32\win32u.dll
0x00007ffff7690000 - 0x00007ffff76ba000 	C:\WINDOWS\System32\GDI32.dll
0x00007ffff54a0000 - 0x00007ffff55ab000 	C:\WINDOWS\System32\gdi32full.dll
0x00007ffff5400000 - 0x00007ffff549d000 	C:\WINDOWS\System32\msvcp_win.dll
0x00007ffff55b0000 - 0x00007ffff56b0000 	C:\WINDOWS\System32\ucrtbase.dll
0x00007fffde660000 - 0x00007fffde8fb000 	C:\WINDOWS\WinSxS\amd64_microsoft.windows.common-controls_6595b64144ccf1df_6.0.19041.746_none_ca02b4b61b8320a4\COMCTL32.dll
0x00007ffff7790000 - 0x00007ffff77c0000 	C:\WINDOWS\System32\IMM32.DLL
0x000000006d820000 - 0x000000006d8f2000 	C:\WindowWorks\pleiades\java\8\jre\bin\msvcr100.dll
0x000000006a2e0000 - 0x000000006ab85000 	C:\WindowWorks\pleiades\java\8\jre\bin\server\jvm.dll
0x00007ffff74c0000 - 0x00007ffff74c8000 	C:\WINDOWS\System32\PSAPI.DLL
0x00007fffebf20000 - 0x00007fffebf47000 	C:\WINDOWS\SYSTEM32\WINMM.dll
0x00007fffebf50000 - 0x00007fffebf5a000 	C:\WINDOWS\SYSTEM32\VERSION.dll
0x00007fffd91e0000 - 0x00007fffd91e9000 	C:\WINDOWS\SYSTEM32\WSOCK32.dll
0x00007ffff6340000 - 0x00007ffff63ab000 	C:\WINDOWS\System32\WS2_32.dll
0x00007ffff1760000 - 0x00007ffff176f000 	C:\WindowWorks\pleiades\java\8\jre\bin\verify.dll
0x00007fffd7210000 - 0x00007fffd7239000 	C:\WindowWorks\pleiades\java\8\jre\bin\java.dll
0x00007fffed370000 - 0x00007fffed386000 	C:\WindowWorks\pleiades\java\8\jre\bin\zip.dll
0x00007ffff67d0000 - 0x00007ffff6f12000 	C:\WINDOWS\System32\SHELL32.dll
0x00007ffff2da0000 - 0x00007ffff3530000 	C:\WINDOWS\SYSTEM32\windows.storage.dll
0x00007ffff5d70000 - 0x00007ffff60c6000 	C:\WINDOWS\System32\combase.dll
0x00007ffff48e0000 - 0x00007ffff490c000 	C:\WINDOWS\SYSTEM32\Wldp.dll
0x00007ffff6550000 - 0x00007ffff65fe000 	C:\WINDOWS\System32\SHCORE.dll
0x00007ffff5a80000 - 0x00007ffff5ad5000 	C:\WINDOWS\System32\shlwapi.dll
0x00007ffff4e80000 - 0x00007ffff4ea6000 	C:\WINDOWS\SYSTEM32\profapi.dll
0x00007fffed340000 - 0x00007fffed34d000 	C:\WindowWorks\pleiades\java\8\jre\bin\management.dll
0x00007fffd71f0000 - 0x00007fffd720a000 	C:\WindowWorks\pleiades\java\8\jre\bin\net.dll
0x00007fffe77a0000 - 0x00007fffe798e000 	C:\WINDOWS\SYSTEM32\urlmon.dll
0x00007fffe74f0000 - 0x00007fffe77a0000 	C:\WINDOWS\SYSTEM32\iertutil.dll
0x00007ffff4660000 - 0x00007ffff46ca000 	C:\WINDOWS\system32\mswsock.dll
0x00007fffd51a0000 - 0x00007fffd51b7000 	C:\WINDOWS\system32\napinsp.dll
0x00007fffd5180000 - 0x00007fffd519b000 	C:\WINDOWS\system32\pnrpnsp.dll
0x00007fffefda0000 - 0x00007fffefdb5000 	C:\WINDOWS\system32\wshbth.dll
0x00007fffebd10000 - 0x00007fffebd2d000 	C:\WINDOWS\system32\NLAapi.dll
0x00007ffff4350000 - 0x00007ffff438b000 	C:\WINDOWS\SYSTEM32\IPHLPAPI.DLL
0x00007ffff4390000 - 0x00007ffff445b000 	C:\WINDOWS\SYSTEM32\DNSAPI.dll
0x00007ffff77c0000 - 0x00007ffff77c8000 	C:\WINDOWS\System32\NSI.dll
0x00007fffef280000 - 0x00007fffef292000 	C:\WINDOWS\System32\winrnr.dll
0x00007fffecce0000 - 0x00007fffeccea000 	C:\Windows\System32\rasadhlp.dll
0x00007fffe3b90000 - 0x00007fffe3c0f000 	C:\WINDOWS\System32\fwpuclnt.dll
0x00007ffff5760000 - 0x00007ffff5787000 	C:\WINDOWS\System32\bcrypt.dll
0x00007fffd71d0000 - 0x00007fffd71e2000 	C:\WindowWorks\pleiades\java\8\jre\bin\nio.dll
0x00007ffff4830000 - 0x00007ffff4848000 	C:\WINDOWS\SYSTEM32\CRYPTSP.dll
0x00007ffff4000000 - 0x00007ffff4034000 	C:\WINDOWS\system32\rsaenh.dll
0x00007ffff4e00000 - 0x00007ffff4e2e000 	C:\WINDOWS\SYSTEM32\USERENV.dll
0x00007ffff5380000 - 0x00007ffff5400000 	C:\WINDOWS\System32\bcryptprimitives.dll
0x00007ffff4850000 - 0x00007ffff485c000 	C:\WINDOWS\SYSTEM32\CRYPTBASE.dll
0x00007fffe87a0000 - 0x00007fffe87b7000 	C:\WINDOWS\SYSTEM32\dhcpcsvc6.DLL
0x00007fffe8a50000 - 0x00007fffe8a6d000 	C:\WINDOWS\SYSTEM32\dhcpcsvc.DLL
0x00007fffd71a0000 - 0x00007fffd71c4000 	C:\WindowWorks\pleiades\java\8\jre\bin\sunec.dll

VM Arguments:
jvm_args: -Dfile.encoding=UTF-8 
java_command: jp.dcnet.DcnetShopApplication
java_class_path (initial): C:\WindowWorks\pleiades\workspace\dcnet_shop\target\classes;C:\Users\ykofi\.m2\repository\org\springframework\boot\spring-boot-starter-data-jpa\2.4.3\spring-boot-starter-data-jpa-2.4.3.jar;C:\Users\ykofi\.m2\repository\org\springframework\boot\spring-boot-starter-aop\2.4.3\spring-boot-starter-aop-2.4.3.jar;C:\Users\ykofi\.m2\repository\org\springframework\spring-aop\5.3.4\spring-aop-5.3.4.jar;C:\Users\ykofi\.m2\repository\org\aspectj\aspectjweaver\1.9.6\aspectjweaver-1.9.6.jar;C:\Users\ykofi\.m2\repository\org\springframework\boot\spring-boot-starter-jdbc\2.4.3\spring-boot-starter-jdbc-2.4.3.jar;C:\Users\ykofi\.m2\repository\com\zaxxer\HikariCP\3.4.5\HikariCP-3.4.5.jar;C:\Users\ykofi\.m2\repository\jakarta\transaction\jakarta.transaction-api\1.3.3\jakarta.transaction-api-1.3.3.jar;C:\Users\ykofi\.m2\repository\jakarta\persistence\jakarta.persistence-api\2.2.3\jakarta.persistence-api-2.2.3.jar;C:\Users\ykofi\.m2\repository\org\hibernate\hibernate-core\5.4.28.Final\hibernate-core-5.4.28.Final.jar;C:\Users\ykofi\.m2\repository\org\jboss\logging\jboss-logging\3.4.1.Final\jboss-logging-3.4.1.Final.jar;C:\Users\ykofi\.m2\repository\org\javassist\javassist\3.27.0-GA\javassist-3.27.0-GA.jar;C:\Users\ykofi\.m2\repository\net\bytebuddy\byte-buddy\1.10.20\byte-buddy-1.10.20.jar;C:\Users\ykofi\.m2\repository\antlr\antlr\2.7.7\antlr-2.7.7.jar;C:\Users\ykofi\.m2\repository\org\jboss\jandex\2.2.3.Final\jandex-2.2.3.Final.jar;C:\Users\ykofi\.m2\repository\com\fasterxml\classmate\1.5.1\classmate-1.5.1.jar;C:\Users\ykofi\.m2\repository\org\dom4j\dom4j\2.1.3\dom4j-2.1.3.jar;C:\Users\ykofi\.m2\repository\org\hibernate\common\hibernate-commons-annotations\5.1.2.Final\hibernate-commons-annotations-5.1.2.Final.jar;C:\Users\ykofi\.m2\repository\org\glassfish\jaxb\jaxb-runtime\2.3.3\jaxb-runtime-2.3.3.jar;C:\Users\ykofi\.m2\repository\org\glassfish\jaxb\txw2\2.3.3\txw2-2.3.3.jar;C:\Users\ykofi\.m2\repository\com\sun\istack\istack-commons-runtime\3.0.11\istack-co
Launcher Type: SUN_STANDARD

Environment Variables:
PATH=C:/WindowWorks/pleiades/eclipse//jre/bin/server;C:/WindowWorks/pleiades/eclipse//jre/bin;C:\Program Files\Common Files\Oracle\Java\javapath;C:\Program Files (x86)\Common Files\Oracle\Java\javapath;C:\Program Files (x86)\Common Files\Intel\Shared Libraries\redist\intel64\compiler;C:\WINDOWS\system32;C:\WINDOWS;C:\WINDOWS\System32\Wbem;C:\WINDOWS\System32\WindowsPowerShell\v1.0\;C:\WINDOWS\System32\OpenSSH\;C:\Users\ykofi\AppData\Local\Microsoft\WindowsApps;;C:\WindowWorks\VScode\Microsoft VS Code\bin;C:\WindowWorks\pleiades\eclipse;
USERNAME=ykofi
OS=Windows_NT
PROCESSOR_IDENTIFIER=AMD64 Family 23 Model 24 Stepping 1, AuthenticAMD



---------------  S Y S T E M  ---------------

OS: Windows 10.0 , 64 bit Build 19041 (10.0.19041.804)

CPU:total 4 (initial active 4) (4 cores per cpu, 1 threads per core) family 23 model 24 stepping 1, cmov, cx8, fxsr, mmx, sse, sse2, sse3, ssse3, sse4.1, sse4.2, popcnt, avx, avx2, aes, clmul, mmxext, 3dnowpref, lzcnt, sse4a, tsc, tscinvbit, tscinv, bmi1

Memory: 4k page, physical 14554952k(1193228k free), swap 14554952k(5124k free)

vm_info: Java HotSpot(TM) 64-Bit Server VM (25.202-b08) for windows-amd64 JRE (1.8.0_202-b08), built on Dec 15 2018 19:54:30 by "java_re" with MS VC++ 10.0 (VS2010)

time: Mon Mar 08 16:07:03 2021
timezone: ìåãû (ïWèÄéû)
elapsed time: 7 seconds (0d 0h 0m 7s)

