#
# There is insufficient memory for the Java Runtime Environment to continue.
# Native memory allocation (malloc) failed to allocate 131296 bytes for Chunk::new
# Possible reasons:
#   The system is out of physical RAM or swap space
#   The process is running with CompressedOops enabled, and the Java Heap may be blocking the growth of the native heap
# Possible solutions:
#   Reduce memory load on the system
#   Increase physical memory or swap space
#   Check if swap backing store is full
#   Decrease Java heap size (-Xmx/-Xms)
#   Decrease number of Java threads
#   Decrease Java thread stack sizes (-Xss)
#   Set larger code cache with -XX:ReservedCodeCacheSize=
#   JVM is running with Zero Based Compressed Oops mode in which the Java heap is
#     placed in the first 32GB address space. The Java Heap base address is the
#     maximum limit for the native heap growth. Please use -XX:HeapBaseMinAddress
#     to set the Java Heap base and to place the Java Heap above 32GB virtual address.
# This output file may be truncated or incomplete.
#
#  Out of Memory Error (allocation.cpp:389), pid=6168, tid=0x0000000000001280
#
# JRE version: Java(TM) SE Runtime Environment (8.0_202-b08) (build 1.8.0_202-b08)
# Java VM: Java HotSpot(TM) 64-Bit Server VM (25.202-b08 mixed mode windows-amd64 compressed oops)
# Failed to write core dump. Minidumps are not enabled by default on client versions of Windows
#

---------------  T H R E A D  ---------------

Current thread (0x000000001b8a8000):  JavaThread "C2 CompilerThread0" daemon [_thread_in_native, id=4736, stack(0x000000001d1f0000,0x000000001d2f0000)]

Stack: [0x000000001d1f0000,0x000000001d2f0000]
[error occurred during error reporting (printing stack bounds), id 0xc0000005]

Native frames: (J=compiled Java code, j=interpreted, Vv=VM code, C=native code)


Current CompileTask:
C2: 144540 6169       4       org.apache.coyote.http11.Http11InputBuffer::parseHeader (1023 bytes)


---------------  P R O C E S S  ---------------

Java Threads: ( => current thread )
  0x00000000224e4800 JavaThread "DestroyJavaVM" [_thread_blocked, id=13208, stack(0x0000000003370000,0x0000000003470000)]
  0x00000000224d8800 JavaThread "pool-1-thread-1" [_thread_blocked, id=13632, stack(0x0000000025d90000,0x0000000025e90000)]
  0x00000000224dd000 JavaThread "http-nio-8080-Acceptor" daemon [_thread_in_native, id=18184, stack(0x0000000025c90000,0x0000000025d90000)]
  0x00000000224de000 JavaThread "http-nio-8080-ClientPoller" daemon [_thread_in_native, id=2596, stack(0x0000000025b90000,0x0000000025c90000)]
  0x00000000224dc800 JavaThread "http-nio-8080-exec-10" daemon [_thread_blocked, id=17788, stack(0x0000000025a90000,0x0000000025b90000)]
  0x00000000224db800 JavaThread "http-nio-8080-exec-9" daemon [_thread_in_native, id=17436, stack(0x0000000025990000,0x0000000025a90000)]
  0x00000000224da000 JavaThread "http-nio-8080-exec-8" daemon [_thread_blocked, id=3508, stack(0x0000000025890000,0x0000000025990000)]
  0x00000000224d9800 JavaThread "http-nio-8080-exec-7" daemon [_thread_blocked, id=16516, stack(0x0000000025790000,0x0000000025890000)]
  0x00000000224db000 JavaThread "http-nio-8080-exec-6" daemon [_thread_blocked, id=16052, stack(0x0000000025590000,0x0000000025690000)]
  0x00000000224de800 JavaThread "http-nio-8080-exec-5" daemon [_thread_blocked, id=18216, stack(0x0000000025490000,0x0000000025590000)]
  0x00000000224df800 JavaThread "http-nio-8080-exec-4" daemon [_thread_blocked, id=11892, stack(0x0000000025390000,0x0000000025490000)]
  0x000000001d766800 JavaThread "http-nio-8080-exec-3" daemon [_thread_blocked, id=4012, stack(0x0000000025290000,0x0000000025390000)]
  0x000000001d76d000 JavaThread "http-nio-8080-exec-2" daemon [_thread_blocked, id=16404, stack(0x0000000025190000,0x0000000025290000)]
  0x000000001d76b000 JavaThread "http-nio-8080-exec-1" daemon [_thread_blocked, id=15380, stack(0x0000000024ac0000,0x0000000024bc0000)]
  0x000000001d769800 JavaThread "http-nio-8080-BlockPoller" daemon [_thread_in_native, id=17132, stack(0x0000000025090000,0x0000000025190000)]
  0x000000001d768000 JavaThread "container-0" [_thread_blocked, id=15324, stack(0x00000000247c0000,0x00000000248c0000)]
  0x000000001d767000 JavaThread "Catalina-utility-2" [_thread_blocked, id=13188, stack(0x00000000246c0000,0x00000000247c0000)]
  0x000000001d768800 JavaThread "Catalina-utility-1" [_thread_blocked, id=17144, stack(0x00000000245c0000,0x00000000246c0000)]
  0x000000001d76c800 JavaThread "HikariPool-1 housekeeper" daemon [_thread_blocked, id=8556, stack(0x00000000239c0000,0x0000000023ac0000)]
  0x000000001d76b800 JavaThread "PostgreSQL-JDBC-SharedTimer-1" daemon [_thread_blocked, id=16964, stack(0x00000000238c0000,0x00000000239c0000)]
  0x000000001cc78800 JavaThread "Service Thread" daemon [_thread_blocked, id=12144, stack(0x000000001d4f0000,0x000000001d5f0000)]
  0x000000001b8b2800 JavaThread "C1 CompilerThread2" daemon [_thread_blocked, id=9732, stack(0x000000001d3f0000,0x000000001d4f0000)]
  0x000000001b8ad000 JavaThread "C2 CompilerThread1" daemon [_thread_blocked, id=8060, stack(0x000000001d2f0000,0x000000001d3f0000)]
=>0x000000001b8a8000 JavaThread "C2 CompilerThread0" daemon [_thread_in_native, id=4736, stack(0x000000001d1f0000,0x000000001d2f0000)]
  0x000000001b8a7000 JavaThread "Attach Listener" daemon [_thread_blocked, id=2584, stack(0x000000001d0f0000,0x000000001d1f0000)]
  0x000000001cc33800 JavaThread "Signal Dispatcher" daemon [_thread_blocked, id=8564, stack(0x000000001cff0000,0x000000001d0f0000)]
  0x000000000356d800 JavaThread "Finalizer" daemon [_thread_blocked, id=17112, stack(0x000000001caf0000,0x000000001cbf0000)]
  0x0000000003565000 JavaThread "Reference Handler" daemon [_thread_blocked, id=17432, stack(0x000000001c9f0000,0x000000001caf0000)]

Other Threads:
  0x000000001b857000 VMThread [stack: 0x000000001c8f0000,0x000000001c9f0000] [id=12192]
  0x000000001b8ee800 WatcherThread [stack: 0x000000001d5f0000,0x000000001d6f0000] [id=9100]

VM state:not at safepoint (normal execution)

VM Mutex/Monitor currently owned by a thread: None

heap address: 0x00000006e1e00000, size: 3554 MB, Compressed Oops mode: Zero based, Oop shift amount: 3
Narrow klass base: 0x0000000000000000, Narrow klass shift: 3
Compressed class space size: 1073741824 Address: 0x00000007c0000000

Heap:
 PSYoungGen      total 195584K, used 58634K [0x0000000775f80000, 0x0000000783500000, 0x00000007c0000000)
  eden space 182784K, 32% used [0x0000000775f80000,0x00000007798c2a40,0x0000000781200000)
  from space 12800K, 0% used [0x0000000782880000,0x0000000782880000,0x0000000783500000)
  to   space 16384K, 0% used [0x0000000781500000,0x0000000781500000,0x0000000782500000)
 ParOldGen       total 203264K, used 22737K [0x00000006e1e00000, 0x00000006ee480000, 0x0000000775f80000)
  object space 203264K, 11% used [0x00000006e1e00000,0x00000006e34344d8,0x00000006ee480000)
 Metaspace       used 60915K, capacity 64470K, committed 64600K, reserved 1105920K
  class space    used 8179K, capacity 8769K, committed 8832K, reserved 1048576K

Card table byte_map: [0x0000000012930000,0x0000000013030000] byte_map_base: 0x000000000f221000

Marking Bits: (ParMarkBitMap*) 0x0000000063675ce0
 Begin Bits: [0x00000000138e0000, 0x0000000017068000)
 End Bits:   [0x0000000017068000, 0x000000001a7f0000)

Polling page: 0x00000000016d0000

CodeCache: size=245760Kb used=17687Kb max_used=17687Kb free=228072Kb
 bounds [0x0000000003570000, 0x00000000046d0000, 0x0000000012570000]
 total_blobs=5950 nmethods=5410 adapters=452
 compilation: enabled

Compilation events (10 events):
Event: 144.525 Thread 0x000000001b8b2800 6176       3       org.springframework.session.MapSession::setAttribute (25 bytes)
Event: 144.526 Thread 0x000000001b8b2800 nmethod 6176 0x00000000046c66d0 code [0x00000000046c6860, 0x00000000046c6c78]
Event: 144.527 Thread 0x000000001b8b2800 6177       3       java.time.Duration::subtractFrom (47 bytes)
Event: 144.528 Thread 0x000000001b8b2800 nmethod 6177 0x00000000046c6dd0 code [0x00000000046c6f60, 0x00000000046c72f8]
Event: 144.528 Thread 0x000000001b8b2800 6178       1       org.apache.catalina.core.ApplicationHttpRequest::getDispatcherType (5 bytes)
Event: 144.528 Thread 0x000000001b8b2800 nmethod 6178 0x00000000046ba510 code [0x00000000046ba660, 0x00000000046ba770]
Event: 144.529 Thread 0x000000001b8b2800 6179       1       org.springframework.boot.autoconfigure.web.servlet.error.BasicErrorController::getErrorProperties (5 bytes)
Event: 144.532 Thread 0x000000001b8b2800 nmethod 6179 0x00000000046c7410 code [0x00000000046c7560, 0x00000000046c7670]
Event: 144.532 Thread 0x000000001b8b2800 6180   !   3       org.springframework.core.$Proxy6::hashCode (32 bytes)
Event: 144.533 Thread 0x000000001b8b2800 nmethod 6180 0x00000000046c76d0 code [0x00000000046c7860, 0x00000000046c7d38]

GC Heap History (10 events):
Event: 5.365 GC heap before
{Heap before GC invocations=7 (full 1):
 PSYoungGen      total 122368K, used 38349K [0x0000000775f80000, 0x000000077f380000, 0x00000007c0000000)
  eden space 113152K, 26% used [0x0000000775f80000,0x0000000777cd34c8,0x000000077ce00000)
  from space 9216K, 90% used [0x000000077ce00000,0x000000077d620128,0x000000077d700000)
  to   space 10240K, 0% used [0x000000077e980000,0x000000077e980000,0x000000077f380000)
 ParOldGen       total 92672K, used 7351K [0x00000006e1e00000, 0x00000006e7880000, 0x0000000775f80000)
  object space 92672K, 7% used [0x00000006e1e00000,0x00000006e252de98,0x00000006e7880000)
 Metaspace       used 33183K, capacity 35314K, committed 35416K, reserved 1079296K
  class space    used 4277K, capacity 4659K, committed 4736K, reserved 1048576K
Event: 5.378 GC heap after
Heap after GC invocations=7 (full 1):
 PSYoungGen      total 140800K, used 9491K [0x0000000775f80000, 0x0000000781980000, 0x00000007c0000000)
  eden space 130560K, 0% used [0x0000000775f80000,0x0000000775f80000,0x000000077df00000)
  from space 10240K, 92% used [0x000000077e980000,0x000000077f2c4e28,0x000000077f380000)
  to   space 10752K, 0% used [0x000000077df00000,0x000000077df00000,0x000000077e980000)
 ParOldGen       total 92672K, used 7359K [0x00000006e1e00000, 0x00000006e7880000, 0x0000000775f80000)
  object space 92672K, 7% used [0x00000006e1e00000,0x00000006e252fe98,0x00000006e7880000)
 Metaspace       used 33183K, capacity 35314K, committed 35416K, reserved 1079296K
  class space    used 4277K, capacity 4659K, committed 4736K, reserved 1048576K
}
Event: 5.378 GC heap before
{Heap before GC invocations=8 (full 2):
 PSYoungGen      total 140800K, used 9491K [0x0000000775f80000, 0x0000000781980000, 0x00000007c0000000)
  eden space 130560K, 0% used [0x0000000775f80000,0x0000000775f80000,0x000000077df00000)
  from space 10240K, 92% used [0x000000077e980000,0x000000077f2c4e28,0x000000077f380000)
  to   space 10752K, 0% used [0x000000077df00000,0x000000077df00000,0x000000077e980000)
 ParOldGen       total 92672K, used 7359K [0x00000006e1e00000, 0x00000006e7880000, 0x0000000775f80000)
  object space 92672K, 7% used [0x00000006e1e00000,0x00000006e252fe98,0x00000006e7880000)
 Metaspace       used 33183K, capacity 35314K, committed 35416K, reserved 1079296K
  class space    used 4277K, capacity 4659K, committed 4736K, reserved 1048576K
Event: 5.434 GC heap after
Heap after GC invocations=8 (full 2):
 PSYoungGen      total 140800K, used 0K [0x0000000775f80000, 0x0000000781980000, 0x00000007c0000000)
  eden space 130560K, 0% used [0x0000000775f80000,0x0000000775f80000,0x000000077df00000)
  from space 10240K, 0% used [0x000000077e980000,0x000000077e980000,0x000000077f380000)
  to   space 10752K, 0% used [0x000000077df00000,0x000000077df00000,0x000000077e980000)
 ParOldGen       total 144896K, used 14433K [0x00000006e1e00000, 0x00000006eab80000, 0x0000000775f80000)
  object space 144896K, 9% used [0x00000006e1e00000,0x00000006e2c18430,0x00000006eab80000)
 Metaspace       used 33183K, capacity 35314K, committed 35416K, reserved 1079296K
  class space    used 4277K, capacity 4659K, committed 4736K, reserved 1048576K
}
Event: 7.920 GC heap before
{Heap before GC invocations=9 (full 2):
 PSYoungGen      total 140800K, used 130560K [0x0000000775f80000, 0x0000000781980000, 0x00000007c0000000)
  eden space 130560K, 100% used [0x0000000775f80000,0x000000077df00000,0x000000077df00000)
  from space 10240K, 0% used [0x000000077e980000,0x000000077e980000,0x000000077f380000)
  to   space 10752K, 0% used [0x000000077df00000,0x000000077df00000,0x000000077e980000)
 ParOldGen       total 144896K, used 14433K [0x00000006e1e00000, 0x00000006eab80000, 0x0000000775f80000)
  object space 144896K, 9% used [0x00000006e1e00000,0x00000006e2c18430,0x00000006eab80000)
 Metaspace       used 50328K, capacity 53264K, committed 53464K, reserved 1095680K
  class space    used 6875K, capacity 7378K, committed 7424K, reserved 1048576K
Event: 7.945 GC heap after
Heap after GC invocations=9 (full 2):
 PSYoungGen      total 141312K, used 10720K [0x0000000775f80000, 0x0000000783800000, 0x00000007c0000000)
  eden space 130560K, 0% used [0x0000000775f80000,0x0000000775f80000,0x000000077df00000)
  from space 10752K, 99% used [0x000000077df00000,0x000000077e978048,0x000000077e980000)
  to   space 15872K, 0% used [0x0000000782880000,0x0000000782880000,0x0000000783800000)
 ParOldGen       total 144896K, used 22402K [0x00000006e1e00000, 0x00000006eab80000, 0x0000000775f80000)
  object space 144896K, 15% used [0x00000006e1e00000,0x00000006e33e0bf0,0x00000006eab80000)
 Metaspace       used 50328K, capacity 53264K, committed 53464K, reserved 1095680K
  class space    used 6875K, capacity 7378K, committed 7424K, reserved 1048576K
}
Event: 16.009 GC heap before
{Heap before GC invocations=10 (full 2):
 PSYoungGen      total 141312K, used 80870K [0x0000000775f80000, 0x0000000783800000, 0x00000007c0000000)
  eden space 130560K, 53% used [0x0000000775f80000,0x000000077a4018f0,0x000000077df00000)
  from space 10752K, 99% used [0x000000077df00000,0x000000077e978048,0x000000077e980000)
  to   space 15872K, 0% used [0x0000000782880000,0x0000000782880000,0x0000000783800000)
 ParOldGen       total 144896K, used 22402K [0x00000006e1e00000, 0x00000006eab80000, 0x0000000775f80000)
  object space 144896K, 15% used [0x00000006e1e00000,0x00000006e33e0bf0,0x00000006eab80000)
 Metaspace       used 55609K, capacity 58940K, committed 59028K, reserved 1099776K
  class space    used 7592K, capacity 8160K, committed 8192K, reserved 1048576K
Event: 16.030 GC heap after
Heap after GC invocations=10 (full 2):
 PSYoungGen      total 195584K, used 12652K [0x0000000775f80000, 0x0000000783500000, 0x00000007c0000000)
  eden space 182784K, 0% used [0x0000000775f80000,0x0000000775f80000,0x0000000781200000)
  from space 12800K, 98% used [0x0000000782880000,0x00000007834db100,0x0000000783500000)
  to   space 16384K, 0% used [0x0000000781500000,0x0000000781500000,0x0000000782500000)
 ParOldGen       total 144896K, used 22410K [0x00000006e1e00000, 0x00000006eab80000, 0x0000000775f80000)
  object space 144896K, 15% used [0x00000006e1e00000,0x00000006e33e2bf0,0x00000006eab80000)
 Metaspace       used 55609K, capacity 58940K, committed 59028K, reserved 1099776K
  class space    used 7592K, capacity 8160K, committed 8192K, reserved 1048576K
}
Event: 16.030 GC heap before
{Heap before GC invocations=11 (full 3):
 PSYoungGen      total 195584K, used 12652K [0x0000000775f80000, 0x0000000783500000, 0x00000007c0000000)
  eden space 182784K, 0% used [0x0000000775f80000,0x0000000775f80000,0x0000000781200000)
  from space 12800K, 98% used [0x0000000782880000,0x00000007834db100,0x0000000783500000)
  to   space 16384K, 0% used [0x0000000781500000,0x0000000781500000,0x0000000782500000)
 ParOldGen       total 144896K, used 22410K [0x00000006e1e00000, 0x00000006eab80000, 0x0000000775f80000)
  object space 144896K, 15% used [0x00000006e1e00000,0x00000006e33e2bf0,0x00000006eab80000)
 Metaspace       used 55609K, capacity 58940K, committed 59028K, reserved 1099776K
  class space    used 7592K, capacity 8160K, committed 8192K, reserved 1048576K
Event: 16.187 GC heap after
Heap after GC invocations=11 (full 3):
 PSYoungGen      total 195584K, used 0K [0x0000000775f80000, 0x0000000783500000, 0x00000007c0000000)
  eden space 182784K, 0% used [0x0000000775f80000,0x0000000775f80000,0x0000000781200000)
  from space 12800K, 0% used [0x0000000782880000,0x0000000782880000,0x0000000783500000)
  to   space 16384K, 0% used [0x0000000781500000,0x0000000781500000,0x0000000782500000)
 ParOldGen       total 203264K, used 22737K [0x00000006e1e00000, 0x00000006ee480000, 0x0000000775f80000)
  object space 203264K, 11% used [0x00000006e1e00000,0x00000006e34344d8,0x00000006ee480000)
 Metaspace       used 55609K, capacity 58940K, committed 59028K, reserved 1099776K
  class space    used 7592K, capacity 8160K, committed 8192K, reserved 1048576K
}

Deoptimization events (10 events):
Event: 16.905 Thread 0x000000001d76d000 Uncommon trap: reason=class_check action=maybe_recompile pc=0x00000000037bdd4c method=java.lang.Character.toLowerCase(I)I @ 5
Event: 16.979 Thread 0x000000001d766800 Uncommon trap: reason=unstable_if action=reinterpret pc=0x000000000378d0b0 method=java.lang.Class.annotationData()Ljava/lang/Class$AnnotationData; @ 36
Event: 38.945 Thread 0x00000000224d9800 Uncommon trap: reason=unstable_if action=reinterpret pc=0x00000000036f2c70 method=org.attoparser.ParsingMarkupUtil.findNextStructureEndAvoidQuotes([CII[I)I @ 35
Event: 45.383 Thread 0x00000000224da000 Uncommon trap: reason=unstable_if action=reinterpret pc=0x0000000003830820 method=java.util.BitSet.get(I)Z @ 45
Event: 45.430 Thread 0x00000000224da000 Uncommon trap: reason=unstable_if action=reinterpret pc=0x0000000003d840a4 method=java.util.StringTokenizer.scanToken(I)I @ 96
Event: 45.469 Thread 0x00000000224da000 Uncommon trap: reason=bimorphic action=maybe_recompile pc=0x000000000416d250 method=java.util.Hashtable.addEntry(ILjava/lang/Object;Ljava/lang/Object;I)V @ 38
Event: 45.469 Thread 0x00000000224da000 Uncommon trap: reason=bimorphic action=maybe_recompile pc=0x000000000416d250 method=java.util.Hashtable.addEntry(ILjava/lang/Object;Ljava/lang/Object;I)V @ 38
Event: 45.469 Thread 0x00000000224da000 Uncommon trap: reason=bimorphic action=maybe_recompile pc=0x000000000416d250 method=java.util.Hashtable.addEntry(ILjava/lang/Object;Ljava/lang/Object;I)V @ 38
Event: 45.475 Thread 0x00000000224da000 Uncommon trap: reason=bimorphic action=maybe_recompile pc=0x0000000003a108b8 method=java.util.Hashtable.get(Ljava/lang/Object;)Ljava/lang/Object; @ 45
Event: 45.479 Thread 0x00000000224da000 Uncommon trap: reason=bimorphic action=maybe_recompile pc=0x0000000003a108b8 method=java.util.Hashtable.get(Ljava/lang/Object;)Ljava/lang/Object; @ 45

Classes redefined (0 events):
No events

Internal exceptions (10 events):
Event: 8.024 Thread 0x0000000003475000 Exception <a 'java/lang/ClassNotFoundException': org/springframework/context/ResourceLoaderAwareCustomizer> (0x000000077664bff8) thrown at [C:\re\workspace\8-2-build-windows-amd64-cygwin\jdk8u202\12323\hotspot\src\share\vm\classfile\systemDictionary.cpp, 
Event: 8.024 Thread 0x0000000003475000 Exception <a 'java/lang/ClassNotFoundException': org/springframework/beans/factory/AwareCustomizer> (0x000000077665e410) thrown at [C:\re\workspace\8-2-build-windows-amd64-cygwin\jdk8u202\12323\hotspot\src\share\vm\classfile\systemDictionary.cpp, line 210
Event: 8.025 Thread 0x0000000003475000 Exception <a 'java/lang/ClassNotFoundException': org/springframework/context/ApplicationContextAwareCustomizer> (0x0000000776672750) thrown at [C:\re\workspace\8-2-build-windows-amd64-cygwin\jdk8u202\12323\hotspot\src\share\vm\classfile\systemDictionary.c
Event: 8.026 Thread 0x0000000003475000 Exception <a 'java/lang/ClassNotFoundException': org/springframework/beans/factory/AwareCustomizer> (0x0000000776685170) thrown at [C:\re\workspace\8-2-build-windows-amd64-cygwin\jdk8u202\12323\hotspot\src\share\vm\classfile\systemDictionary.cpp, line 210
Event: 8.026 Thread 0x0000000003475000 Exception <a 'java/lang/ClassNotFoundException': org/springframework/web/context/ServletContextAwareCustomizer> (0x0000000776699480) thrown at [C:\re\workspace\8-2-build-windows-amd64-cygwin\jdk8u202\12323\hotspot\src\share\vm\classfile\systemDictionary.c
Event: 8.027 Thread 0x0000000003475000 Exception <a 'java/lang/ClassNotFoundException': org/springframework/beans/factory/AwareCustomizer> (0x00000007766ab910) thrown at [C:\re\workspace\8-2-build-windows-amd64-cygwin\jdk8u202\12323\hotspot\src\share\vm\classfile\systemDictionary.cpp, line 210
Event: 8.361 Thread 0x0000000003475000 Exception <a 'java/lang/IncompatibleClassChangeError': Found class java.lang.Object, but interface was expected> (0x0000000777d6dbc0) thrown at [C:\re\workspace\8-2-build-windows-amd64-cygwin\jdk8u202\12323\hotspot\src\share\vm\interpreter\linkResolver.cp
Event: 16.546 Thread 0x000000001d76b000 Exception <a 'java/lang/NoSuchMethodError': java.lang.Object.lambda$executeWithoutResult$0(Ljava/util/function/Consumer;Lorg/springframework/transaction/TransactionStatus;)Ljava/lang/Object;> (0x0000000776c9b820) thrown at [C:\re\workspace\8-2-build-windo
Event: 20.569 Thread 0x00000000224da000 Exception <a 'java/io/IOException'> (0x0000000777cef1a0) thrown at [C:\re\workspace\8-2-build-windows-amd64-cygwin\jdk8u202\12323\hotspot\src\share\vm\prims\jni.cpp, line 710]
Event: 45.608 Thread 0x00000000224da000 Exception <a 'java/lang/NoSuchMethodError': java.lang.Object.lambda$static$0(Lorg/hibernate/type/EntityType;Ljava/lang/Object;Lorg/hibernate/engine/spi/SharedSessionContractImplementor;Ljava/lang/Object;Ljava/lang/Boolean;)Ljava/lang/Object;> (0x000000077

Events (10 events):
Event: 80.608 Thread 0x000000001b8ad000 flushing nmethod 0x0000000003b88b90
Event: 80.608 Thread 0x000000001b8ad000 flushing nmethod 0x0000000003b8ac50
Event: 86.456 Thread 0x000000001b8b2800 flushing nmethod 0x0000000003ced7d0
Event: 86.456 Thread 0x000000001b8b2800 flushing nmethod 0x0000000003cee4d0
Event: 92.609 Thread 0x000000001b8b2800 flushing nmethod 0x00000000040a8dd0
Event: 95.416 Thread 0x000000001b8b2800 flushing nmethod 0x00000000042f6750
Event: 126.754 Executing VM operation: RevokeBias
Event: 126.754 Executing VM operation: RevokeBias done
Event: 144.263 Executing VM operation: RevokeBias
Event: 144.263 Executing VM operation: RevokeBias done


Dynamic libraries:
0x00007ff7c9ec0000 - 0x00007ff7c9ef7000 	C:\WindowWorks\pleiades\java\8\bin\javaw.exe
0x00007ffcf39c0000 - 0x00007ffcf3bb0000 	C:\Windows\SYSTEM32\ntdll.dll
0x00007ffcf33c0000 - 0x00007ffcf3472000 	C:\Windows\System32\KERNEL32.DLL
0x00007ffcf0be0000 - 0x00007ffcf0e85000 	C:\Windows\System32\KERNELBASE.dll
0x00007ffcf2a70000 - 0x00007ffcf2b13000 	C:\Windows\System32\ADVAPI32.dll
0x00007ffcf1a70000 - 0x00007ffcf1b0e000 	C:\Windows\System32\msvcrt.dll
0x00007ffcf34e0000 - 0x00007ffcf3577000 	C:\Windows\System32\sechost.dll
0x00007ffcf25b0000 - 0x00007ffcf26cf000 	C:\Windows\System32\RPCRT4.dll
0x00007ffcf30a0000 - 0x00007ffcf3234000 	C:\Windows\System32\USER32.dll
0x00007ffcf17b0000 - 0x00007ffcf17d1000 	C:\Windows\System32\win32u.dll
0x00007ffcf26d0000 - 0x00007ffcf26f6000 	C:\Windows\System32\GDI32.dll
0x00007ffcf0940000 - 0x00007ffcf0ad8000 	C:\Windows\System32\gdi32full.dll
0x00007ffcf1710000 - 0x00007ffcf17ae000 	C:\Windows\System32\msvcp_win.dll
0x00007ffcf0ae0000 - 0x00007ffcf0bda000 	C:\Windows\System32\ucrtbase.dll
0x00007ffcdd890000 - 0x00007ffcddb14000 	C:\Windows\WinSxS\amd64_microsoft.windows.common-controls_6595b64144ccf1df_6.0.18362.1379_none_9e7ff3b3e45cc0c4\COMCTL32.dll
0x00007ffcf35a0000 - 0x00007ffcf38d7000 	C:\Windows\System32\combase.dll
0x00007ffcf17e0000 - 0x00007ffcf1861000 	C:\Windows\System32\bcryptPrimitives.dll
0x00007ffcf3940000 - 0x00007ffcf396e000 	C:\Windows\System32\IMM32.DLL
0x0000000063950000 - 0x0000000063a22000 	C:\WindowWorks\pleiades\java\8\jre\bin\msvcr100.dll
0x0000000062e50000 - 0x00000000636f5000 	C:\WindowWorks\pleiades\java\8\jre\bin\server\jvm.dll
0x00007ffcf3970000 - 0x00007ffcf3978000 	C:\Windows\System32\PSAPI.DLL
0x00007ffced190000 - 0x00007ffced1b4000 	C:\Windows\SYSTEM32\WINMM.dll
0x00007ffcd63c0000 - 0x00007ffcd63c9000 	C:\Windows\SYSTEM32\WSOCK32.dll
0x00007ffcf2b30000 - 0x00007ffcf2b9f000 	C:\Windows\System32\WS2_32.dll
0x00007ffce8040000 - 0x00007ffce804a000 	C:\Windows\SYSTEM32\VERSION.dll
0x00007ffced160000 - 0x00007ffced18d000 	C:\Windows\SYSTEM32\WINMMBASE.dll
0x00007ffcf16c0000 - 0x00007ffcf170a000 	C:\Windows\System32\cfgmgr32.dll
0x00007ffcecd40000 - 0x00007ffcecd4f000 	C:\WindowWorks\pleiades\java\8\jre\bin\verify.dll
0x00007ffce8830000 - 0x00007ffce8859000 	C:\WindowWorks\pleiades\java\8\jre\bin\java.dll
0x00007ffcea900000 - 0x00007ffcea916000 	C:\WindowWorks\pleiades\java\8\jre\bin\zip.dll
0x00007ffcf1cc0000 - 0x00007ffcf23a8000 	C:\Windows\System32\SHELL32.dll
0x00007ffcf2500000 - 0x00007ffcf25a7000 	C:\Windows\System32\shcore.dll
0x00007ffcf0f40000 - 0x00007ffcf16bb000 	C:\Windows\System32\windows.storage.dll
0x00007ffcf0910000 - 0x00007ffcf0933000 	C:\Windows\System32\profapi.dll
0x00007ffcf08a0000 - 0x00007ffcf08ea000 	C:\Windows\System32\powrprof.dll
0x00007ffcf0870000 - 0x00007ffcf0880000 	C:\Windows\System32\UMPDC.dll
0x00007ffcf2a10000 - 0x00007ffcf2a62000 	C:\Windows\System32\shlwapi.dll
0x00007ffcf0880000 - 0x00007ffcf0891000 	C:\Windows\System32\kernel.appcore.dll
0x00007ffcf18a0000 - 0x00007ffcf18b7000 	C:\Windows\System32\cryptsp.dll
0x00007ffcecd30000 - 0x00007ffcecd3d000 	C:\WindowWorks\pleiades\java\8\jre\bin\management.dll
0x00007ffcea750000 - 0x00007ffcea76a000 	C:\WindowWorks\pleiades\java\8\jre\bin\net.dll
0x00007ffcdf0d0000 - 0x00007ffcdf2a6000 	C:\Windows\SYSTEM32\urlmon.dll
0x00007ffcdedf0000 - 0x00007ffcdf097000 	C:\Windows\SYSTEM32\iertutil.dll
0x00007ffcf0220000 - 0x00007ffcf022c000 	C:\Windows\SYSTEM32\CRYPTBASE.DLL
0x00007ffcf0050000 - 0x00007ffcf00b7000 	C:\Windows\system32\mswsock.dll
0x00007ffcd9d70000 - 0x00007ffcd9d86000 	C:\Windows\system32\napinsp.dll
0x00007ffcd9d50000 - 0x00007ffcd9d6a000 	C:\Windows\system32\pnrpnsp.dll
0x00007ffcefdb0000 - 0x00007ffcefe7b000 	C:\Windows\SYSTEM32\DNSAPI.dll
0x00007ffcf2c20000 - 0x00007ffcf2c28000 	C:\Windows\System32\NSI.dll
0x00007ffcefd60000 - 0x00007ffcefd9a000 	C:\Windows\SYSTEM32\IPHLPAPI.DLL
0x00007ffcd9d40000 - 0x00007ffcd9d4e000 	C:\Windows\System32\winrnr.dll
0x00007ffcecd10000 - 0x00007ffcecd2c000 	C:\Windows\system32\NLAapi.dll
0x00007ffceaf80000 - 0x00007ffceaf95000 	C:\Windows\system32\wshbth.dll
0x00007ffce8380000 - 0x00007ffce838a000 	C:\Windows\System32\rasadhlp.dll
0x00007ffce4b20000 - 0x00007ffce4b97000 	C:\Windows\System32\fwpuclnt.dll
0x00007ffcf1870000 - 0x00007ffcf1896000 	C:\Windows\System32\bcrypt.dll
0x00007ffcea2f0000 - 0x00007ffcea302000 	C:\WindowWorks\pleiades\java\8\jre\bin\nio.dll
0x00007ffcefbd0000 - 0x00007ffcefc03000 	C:\Windows\system32\rsaenh.dll
0x00007ffcf0790000 - 0x00007ffcf07b5000 	C:\Windows\SYSTEM32\USERENV.dll
0x00007ffce4c10000 - 0x00007ffce4c26000 	C:\Windows\SYSTEM32\dhcpcsvc6.DLL
0x00007ffce50f0000 - 0x00007ffce510c000 	C:\Windows\SYSTEM32\dhcpcsvc.DLL
0x00007ffce8800000 - 0x00007ffce8824000 	C:\WindowWorks\pleiades\java\8\jre\bin\sunec.dll

VM Arguments:
jvm_args: -Dfile.encoding=UTF-8 
java_command: jp.dcnet.DcnetShopApplication
java_class_path (initial): C:\WindowWorks\pleiades\workspace\dcnet_shop\target\classes;C:\Users\ykofi\.m2\repository\org\springframework\boot\spring-boot-starter-data-jpa\2.4.3\spring-boot-starter-data-jpa-2.4.3.jar;C:\Users\ykofi\.m2\repository\org\springframework\boot\spring-boot-starter-aop\2.4.3\spring-boot-starter-aop-2.4.3.jar;C:\Users\ykofi\.m2\repository\org\springframework\spring-aop\5.3.4\spring-aop-5.3.4.jar;C:\Users\ykofi\.m2\repository\org\aspectj\aspectjweaver\1.9.6\aspectjweaver-1.9.6.jar;C:\Users\ykofi\.m2\repository\org\springframework\boot\spring-boot-starter-jdbc\2.4.3\spring-boot-starter-jdbc-2.4.3.jar;C:\Users\ykofi\.m2\repository\com\zaxxer\HikariCP\3.4.5\HikariCP-3.4.5.jar;C:\Users\ykofi\.m2\repository\jakarta\transaction\jakarta.transaction-api\1.3.3\jakarta.transaction-api-1.3.3.jar;C:\Users\ykofi\.m2\repository\jakarta\persistence\jakarta.persistence-api\2.2.3\jakarta.persistence-api-2.2.3.jar;C:\Users\ykofi\.m2\repository\org\hibernate\hibernate-core\5.4.28.Final\hibernate-core-5.4.28.Final.jar;C:\Users\ykofi\.m2\repository\org\jboss\logging\jboss-logging\3.4.1.Final\jboss-logging-3.4.1.Final.jar;C:\Users\ykofi\.m2\repository\org\javassist\javassist\3.27.0-GA\javassist-3.27.0-GA.jar;C:\Users\ykofi\.m2\repository\net\bytebuddy\byte-buddy\1.10.20\byte-buddy-1.10.20.jar;C:\Users\ykofi\.m2\repository\antlr\antlr\2.7.7\antlr-2.7.7.jar;C:\Users\ykofi\.m2\repository\org\jboss\jandex\2.2.3.Final\jandex-2.2.3.Final.jar;C:\Users\ykofi\.m2\repository\com\fasterxml\classmate\1.5.1\classmate-1.5.1.jar;C:\Users\ykofi\.m2\repository\org\dom4j\dom4j\2.1.3\dom4j-2.1.3.jar;C:\Users\ykofi\.m2\repository\org\hibernate\common\hibernate-commons-annotations\5.1.2.Final\hibernate-commons-annotations-5.1.2.Final.jar;C:\Users\ykofi\.m2\repository\org\glassfish\jaxb\jaxb-runtime\2.3.3\jaxb-runtime-2.3.3.jar;C:\Users\ykofi\.m2\repository\org\glassfish\jaxb\txw2\2.3.3\txw2-2.3.3.jar;C:\Users\ykofi\.m2\repository\com\sun\istack\istack-commons-runtime\3.0.11\istack-co
Launcher Type: SUN_STANDARD

Environment Variables:
PATH=C:/WindowWorks/pleiades/eclipse//jre/bin/server;C:/WindowWorks/pleiades/eclipse//jre/bin;C:\Program Files\Common Files\Oracle\Java\javapath;C:\Program Files (x86)\Common Files\Oracle\Java\javapath;C:\Program Files (x86)\Common Files\Intel\Shared Libraries\redist\intel64\compiler;C:\Windows\system32;C:\Windows;C:\Windows\System32\Wbem;C:\Windows\System32\WindowsPowerShell\v1.0\;C:\Windows\System32\OpenSSH\;C:\Users\ykofi\AppData\Local\Microsoft\WindowsApps;;C:\WindowWorks\VScode\Microsoft VS Code\bin;C:\WindowWorks\pleiades\eclipse;
USERNAME=ykofi
OS=Windows_NT
PROCESSOR_IDENTIFIER=AMD64 Family 23 Model 24 Stepping 1, AuthenticAMD



---------------  S Y S T E M  ---------------

OS: Windows 10.0 , 64 bit Build 18362 (10.0.18362.1350)

CPU:total 4 (initial active 4) (4 cores per cpu, 1 threads per core) family 23 model 24 stepping 1, cmov, cx8, fxsr, mmx, sse, sse2, sse3, ssse3, sse4.1, sse4.2, popcnt, avx, avx2, aes, clmul, mmxext, 3dnowpref, lzcnt, sse4a, tsc, tscinvbit, tscinv, bmi1

Memory: 4k page, physical 14554952k(1842736k free), swap 14554952k(56532k free)

vm_info: Java HotSpot(TM) 64-Bit Server VM (25.202-b08) for windows-amd64 JRE (1.8.0_202-b08), built on Dec 15 2018 19:54:30 by "java_re" with MS VC++ 10.0 (VS2010)

time: Thu Mar 04 15:18:58 2021
timezone: ìåãû (ïWèÄéû)
elapsed time: 144 seconds (0d 0h 2m 24s)

