#
# There is insufficient memory for the Java Runtime Environment to continue.
# Native memory allocation (malloc) failed to allocate 105296 bytes for Chunk::new
# Possible reasons:
#   The system is out of physical RAM or swap space
#   The process is running with CompressedOops enabled, and the Java Heap may be blocking the growth of the native heap
# Possible solutions:
#   Reduce memory load on the system
#   Increase physical memory or swap space
#   Check if swap backing store is full
#   Decrease Java heap size (-Xmx/-Xms)
#   Decrease number of Java threads
#   Decrease Java thread stack sizes (-Xss)
#   Set larger code cache with -XX:ReservedCodeCacheSize=
#   JVM is running with Zero Based Compressed Oops mode in which the Java heap is
#     placed in the first 32GB address space. The Java Heap base address is the
#     maximum limit for the native heap growth. Please use -XX:HeapBaseMinAddress
#     to set the Java Heap base and to place the Java Heap above 32GB virtual address.
# This output file may be truncated or incomplete.
#
#  Out of Memory Error (allocation.cpp:389), pid=16372, tid=0x00000000000039b0
#
# JRE version: Java(TM) SE Runtime Environment (8.0_202-b08) (build 1.8.0_202-b08)
# Java VM: Java HotSpot(TM) 64-Bit Server VM (25.202-b08 mixed mode windows-amd64 compressed oops)
# Failed to write core dump. Minidumps are not enabled by default on client versions of Windows
#

---------------  T H R E A D  ---------------

Current thread (0x000000001b8fe800):  JavaThread "C2 CompilerThread1" daemon [_thread_in_native, id=14768, stack(0x000000001d2f0000,0x000000001d3f0000)]

Stack: [0x000000001d2f0000,0x000000001d3f0000]
[error occurred during error reporting (printing stack bounds), id 0xc0000005]

Native frames: (J=compiled Java code, j=interpreted, Vv=VM code, C=native code)


Current CompileTask:
C2:   6018 3708   !   4       java.util.jar.Attributes::read (380 bytes)


---------------  P R O C E S S  ---------------

Java Threads: ( => current thread )
  0x000000001ff77000 JavaThread "HikariPool-1 connection adder" daemon [_thread_in_native, id=13060, stack(0x0000000022c50000,0x0000000022d50000)]
  0x000000001ff78800 JavaThread "HikariPool-1 housekeeper" daemon [_thread_blocked, id=8204, stack(0x0000000022b50000,0x0000000022c50000)]
  0x000000001ff76800 JavaThread "PostgreSQL-JDBC-SharedTimer-1" daemon [_thread_blocked, id=3456, stack(0x000000001faa0000,0x000000001fba0000)]
  0x000000001e103000 JavaThread "restartedMain" [_thread_in_Java, id=444, stack(0x000000001f0a0000,0x000000001f1a0000)]
  0x000000001e13f800 JavaThread "Thread-0" [_thread_blocked, id=12588, stack(0x000000001efa0000,0x000000001f0a0000)]
  0x000000001cf6f800 JavaThread "Service Thread" daemon [_thread_blocked, id=1072, stack(0x000000001d4f0000,0x000000001d5f0000)]
  0x000000001cef5800 JavaThread "C1 CompilerThread2" daemon [_thread_blocked, id=3084, stack(0x000000001d3f0000,0x000000001d4f0000)]
=>0x000000001b8fe800 JavaThread "C2 CompilerThread1" daemon [_thread_in_native, id=14768, stack(0x000000001d2f0000,0x000000001d3f0000)]
  0x000000001b8f9000 JavaThread "C2 CompilerThread0" daemon [_thread_in_native, id=9936, stack(0x000000001cdf0000,0x000000001cef0000)]
  0x000000001b8f7800 JavaThread "Attach Listener" daemon [_thread_blocked, id=7872, stack(0x000000001ccf0000,0x000000001cdf0000)]
  0x000000001b89b000 JavaThread "Signal Dispatcher" daemon [_thread_blocked, id=16116, stack(0x000000001cbf0000,0x000000001ccf0000)]
  0x000000000357e000 JavaThread "Finalizer" daemon [_thread_blocked, id=9680, stack(0x000000001caf0000,0x000000001cbf0000)]
  0x0000000003575000 JavaThread "Reference Handler" daemon [_thread_blocked, id=3336, stack(0x000000001c9f0000,0x000000001caf0000)]
  0x0000000003485000 JavaThread "main" [_thread_blocked, id=11536, stack(0x0000000003380000,0x0000000003480000)]

Other Threads:
  0x000000001b867800 VMThread [stack: 0x000000001c8f0000,0x000000001c9f0000] [id=11004]
  0x000000001cf94800 WatcherThread [stack: 0x000000001d5f0000,0x000000001d6f0000] [id=2148]

VM state:not at safepoint (normal execution)

VM Mutex/Monitor currently owned by a thread: None

heap address: 0x00000006e1e00000, size: 3554 MB, Compressed Oops mode: Zero based, Oop shift amount: 3
Narrow klass base: 0x0000000000000000, Narrow klass shift: 3
Compressed class space size: 1073741824 Address: 0x00000007c0000000

Heap:
 PSYoungGen      total 297472K, used 8933K [0x0000000775f80000, 0x0000000789700000, 0x00000007c0000000)
  eden space 292352K, 3% used [0x0000000775f80000,0x0000000776839618,0x0000000787d00000)
  from space 5120K, 0% used [0x0000000789200000,0x0000000789200000,0x0000000789700000)
  to   space 13312K, 0% used [0x0000000787d00000,0x0000000787d00000,0x0000000788a00000)
 ParOldGen       total 91648K, used 16207K [0x00000006e1e00000, 0x00000006e7780000, 0x0000000775f80000)
  object space 91648K, 17% used [0x00000006e1e00000,0x00000006e2dd3f90,0x00000006e7780000)
 Metaspace       used 37493K, capacity 39918K, committed 40192K, reserved 1085440K
  class space    used 4912K, capacity 5349K, committed 5376K, reserved 1048576K

Card table byte_map: [0x0000000012940000,0x0000000013040000] byte_map_base: 0x000000000f231000

Marking Bits: (ParMarkBitMap*) 0x0000000070e65ce0
 Begin Bits: [0x00000000138f0000, 0x0000000017078000)
 End Bits:   [0x0000000017078000, 0x000000001a800000)

Polling page: 0x0000000001580000

CodeCache: size=245760Kb used=12328Kb max_used=13006Kb free=233431Kb
 bounds [0x0000000003580000, 0x0000000004240000, 0x0000000012580000]
 total_blobs=3883 nmethods=3465 adapters=331
 compilation: enabled

Compilation events (10 events):
Event: 5.937 Thread 0x000000001cef5800 nmethod 3707 0x00000000036e0190 code [0x00000000036e02e0, 0x00000000036e03f0]
Event: 5.980 Thread 0x000000001b8fe800 3708   !   4       java.util.jar.Attributes::read (380 bytes)
Event: 6.000 Thread 0x000000001cef5800 3709       3       java.lang.String::regionMatches (91 bytes)
Event: 6.000 Thread 0x000000001cef5800 nmethod 3709 0x0000000003690190 code [0x0000000003690300, 0x00000000036906b0]
Event: 6.000 Thread 0x000000001cef5800 3711       3       java.lang.String$CaseInsensitiveComparator::compare (111 bytes)
Event: 6.001 Thread 0x000000001cef5800 nmethod 3711 0x00000000036ae790 code [0x00000000036aea20, 0x00000000036afad8]
Event: 6.002 Thread 0x000000001cef5800 3710       3       java.lang.String$CaseInsensitiveComparator::compare (13 bytes)
Event: 6.002 Thread 0x000000001cef5800 nmethod 3710 0x00000000036f4e10 code [0x00000000036f4f80, 0x00000000036f52e8]
Event: 6.006 Thread 0x000000001cef5800 3712       3       sun.util.calendar.BaseCalendar$Date::getCachedJan1 (5 bytes)
Event: 6.006 Thread 0x000000001cef5800 nmethod 3712 0x0000000003802a90 code [0x0000000003802be0, 0x0000000003802d30]

GC Heap History (10 events):
Event: 5.173 GC heap before
{Heap before GC invocations=7 (full 1):
 PSYoungGen      total 124928K, used 124915K [0x0000000775f80000, 0x0000000782300000, 0x00000007c0000000)
  eden space 115712K, 100% used [0x0000000775f80000,0x000000077d080000,0x000000077d080000)
  from space 9216K, 99% used [0x000000077d080000,0x000000077d97ceb8,0x000000077d980000)
  to   space 13312K, 0% used [0x0000000781600000,0x0000000781600000,0x0000000782300000)
 ParOldGen       total 91648K, used 9788K [0x00000006e1e00000, 0x00000006e7780000, 0x0000000775f80000)
  object space 91648K, 10% used [0x00000006e1e00000,0x00000006e278f3f0,0x00000006e7780000)
 Metaspace       used 32842K, capacity 35070K, committed 35200K, reserved 1079296K
  class space    used 4269K, capacity 4677K, committed 4736K, reserved 1048576K
Event: 5.184 GC heap after
Heap after GC invocations=7 (full 1):
 PSYoungGen      total 181760K, used 9371K [0x0000000775f80000, 0x0000000782080000, 0x00000007c0000000)
  eden space 171008K, 0% used [0x0000000775f80000,0x0000000775f80000,0x0000000780680000)
  from space 10752K, 87% used [0x0000000781600000,0x0000000781f26d60,0x0000000782080000)
  to   space 13312K, 0% used [0x0000000780680000,0x0000000780680000,0x0000000781380000)
 ParOldGen       total 91648K, used 9796K [0x00000006e1e00000, 0x00000006e7780000, 0x0000000775f80000)
  object space 91648K, 10% used [0x00000006e1e00000,0x00000006e27913f0,0x00000006e7780000)
 Metaspace       used 32842K, capacity 35070K, committed 35200K, reserved 1079296K
  class space    used 4269K, capacity 4677K, committed 4736K, reserved 1048576K
}
Event: 5.233 GC heap before
{Heap before GC invocations=8 (full 1):
 PSYoungGen      total 181760K, used 15525K [0x0000000775f80000, 0x0000000782080000, 0x00000007c0000000)
  eden space 171008K, 3% used [0x0000000775f80000,0x00000007765829e8,0x0000000780680000)
  from space 10752K, 87% used [0x0000000781600000,0x0000000781f26d60,0x0000000782080000)
  to   space 13312K, 0% used [0x0000000780680000,0x0000000780680000,0x0000000781380000)
 ParOldGen       total 91648K, used 9796K [0x00000006e1e00000, 0x00000006e7780000, 0x0000000775f80000)
  object space 91648K, 10% used [0x00000006e1e00000,0x00000006e27913f0,0x00000006e7780000)
 Metaspace       used 33127K, capacity 35396K, committed 35416K, reserved 1079296K
  class space    used 4294K, capacity 4716K, committed 4736K, reserved 1048576K
Event: 5.243 GC heap after
Heap after GC invocations=8 (full 1):
 PSYoungGen      total 184320K, used 8276K [0x0000000775f80000, 0x0000000789e80000, 0x00000007c0000000)
  eden space 171008K, 0% used [0x0000000775f80000,0x0000000775f80000,0x0000000780680000)
  from space 13312K, 62% used [0x0000000780680000,0x0000000780e95210,0x0000000781380000)
  to   space 12800K, 0% used [0x0000000789200000,0x0000000789200000,0x0000000789e80000)
 ParOldGen       total 91648K, used 9804K [0x00000006e1e00000, 0x00000006e7780000, 0x0000000775f80000)
  object space 91648K, 10% used [0x00000006e1e00000,0x00000006e27933f0,0x00000006e7780000)
 Metaspace       used 33127K, capacity 35396K, committed 35416K, reserved 1079296K
  class space    used 4294K, capacity 4716K, committed 4736K, reserved 1048576K
}
Event: 5.243 GC heap before
{Heap before GC invocations=9 (full 2):
 PSYoungGen      total 184320K, used 8276K [0x0000000775f80000, 0x0000000789e80000, 0x00000007c0000000)
  eden space 171008K, 0% used [0x0000000775f80000,0x0000000775f80000,0x0000000780680000)
  from space 13312K, 62% used [0x0000000780680000,0x0000000780e95210,0x0000000781380000)
  to   space 12800K, 0% used [0x0000000789200000,0x0000000789200000,0x0000000789e80000)
 ParOldGen       total 91648K, used 9804K [0x00000006e1e00000, 0x00000006e7780000, 0x0000000775f80000)
  object space 91648K, 10% used [0x00000006e1e00000,0x00000006e27933f0,0x00000006e7780000)
 Metaspace       used 33127K, capacity 35396K, committed 35416K, reserved 1079296K
  class space    used 4294K, capacity 4716K, committed 4736K, reserved 1048576K
Event: 5.296 GC heap after
Heap after GC invocations=9 (full 2):
 PSYoungGen      total 184320K, used 0K [0x0000000775f80000, 0x0000000789e80000, 0x00000007c0000000)
  eden space 171008K, 0% used [0x0000000775f80000,0x0000000775f80000,0x0000000780680000)
  from space 13312K, 0% used [0x0000000780680000,0x0000000780680000,0x0000000781380000)
  to   space 12800K, 0% used [0x0000000789200000,0x0000000789200000,0x0000000789e80000)
 ParOldGen       total 91648K, used 13148K [0x00000006e1e00000, 0x00000006e7780000, 0x0000000775f80000)
  object space 91648K, 14% used [0x00000006e1e00000,0x00000006e2ad71c8,0x00000006e7780000)
 Metaspace       used 33127K, capacity 35396K, committed 35416K, reserved 1079296K
  class space    used 4294K, capacity 4716K, committed 4736K, reserved 1048576K
}
Event: 5.796 GC heap before
{Heap before GC invocations=10 (full 2):
 PSYoungGen      total 184320K, used 30437K [0x0000000775f80000, 0x0000000789e80000, 0x00000007c0000000)
  eden space 171008K, 17% used [0x0000000775f80000,0x0000000777d397d0,0x0000000780680000)
  from space 13312K, 0% used [0x0000000780680000,0x0000000780680000,0x0000000781380000)
  to   space 12800K, 0% used [0x0000000789200000,0x0000000789200000,0x0000000789e80000)
 ParOldGen       total 91648K, used 13148K [0x00000006e1e00000, 0x00000006e7780000, 0x0000000775f80000)
  object space 91648K, 14% used [0x00000006e1e00000,0x00000006e2ad71c8,0x00000006e7780000)
 Metaspace       used 36920K, capacity 39162K, committed 39296K, reserved 1087488K
  class space    used 4816K, capacity 5239K, committed 5248K, reserved 1048576K
Event: 5.801 GC heap after
Heap after GC invocations=10 (full 2):
 PSYoungGen      total 297472K, used 4150K [0x0000000775f80000, 0x0000000789700000, 0x00000007c0000000)
  eden space 292352K, 0% used [0x0000000775f80000,0x0000000775f80000,0x0000000787d00000)
  from space 5120K, 81% used [0x0000000789200000,0x000000078960da70,0x0000000789700000)
  to   space 13312K, 0% used [0x0000000787d00000,0x0000000787d00000,0x0000000788a00000)
 ParOldGen       total 91648K, used 13156K [0x00000006e1e00000, 0x00000006e7780000, 0x0000000775f80000)
  object space 91648K, 14% used [0x00000006e1e00000,0x00000006e2ad91c8,0x00000006e7780000)
 Metaspace       used 36920K, capacity 39162K, committed 39296K, reserved 1087488K
  class space    used 4816K, capacity 5239K, committed 5248K, reserved 1048576K
}
Event: 5.801 GC heap before
{Heap before GC invocations=11 (full 3):
 PSYoungGen      total 297472K, used 4150K [0x0000000775f80000, 0x0000000789700000, 0x00000007c0000000)
  eden space 292352K, 0% used [0x0000000775f80000,0x0000000775f80000,0x0000000787d00000)
  from space 5120K, 81% used [0x0000000789200000,0x000000078960da70,0x0000000789700000)
  to   space 13312K, 0% used [0x0000000787d00000,0x0000000787d00000,0x0000000788a00000)
 ParOldGen       total 91648K, used 13156K [0x00000006e1e00000, 0x00000006e7780000, 0x0000000775f80000)
  object space 91648K, 14% used [0x00000006e1e00000,0x00000006e2ad91c8,0x00000006e7780000)
 Metaspace       used 36920K, capacity 39162K, committed 39296K, reserved 1087488K
  class space    used 4816K, capacity 5239K, committed 5248K, reserved 1048576K
Event: 5.920 GC heap after
Heap after GC invocations=11 (full 3):
 PSYoungGen      total 297472K, used 0K [0x0000000775f80000, 0x0000000789700000, 0x00000007c0000000)
  eden space 292352K, 0% used [0x0000000775f80000,0x0000000775f80000,0x0000000787d00000)
  from space 5120K, 0% used [0x0000000789200000,0x0000000789200000,0x0000000789700000)
  to   space 13312K, 0% used [0x0000000787d00000,0x0000000787d00000,0x0000000788a00000)
 ParOldGen       total 91648K, used 16207K [0x00000006e1e00000, 0x00000006e7780000, 0x0000000775f80000)
  object space 91648K, 17% used [0x00000006e1e00000,0x00000006e2dd3f90,0x00000006e7780000)
 Metaspace       used 36920K, capacity 39162K, committed 39296K, reserved 1085440K
  class space    used 4816K, capacity 5239K, committed 5248K, reserved 1048576K
}

Deoptimization events (10 events):
Event: 5.207 Thread 0x000000001e103000 Uncommon trap: reason=unstable_if action=reinterpret pc=0x0000000003fe1698 method=java.util.Properties.load0(Ljava/util/Properties$LineReader;)V @ 33
Event: 5.207 Thread 0x000000001e103000 Uncommon trap: reason=unstable_if action=reinterpret pc=0x0000000003fd914c method=java.util.Properties.load0(Ljava/util/Properties$LineReader;)V @ 33
Event: 5.296 Thread 0x000000000357e000 Uncommon trap: reason=unstable_if action=reinterpret pc=0x0000000003746890 method=java.lang.ref.Finalizer.remove()V @ 10
Event: 5.588 Thread 0x000000001ff77000 Uncommon trap: reason=class_check action=maybe_recompile pc=0x00000000041d1f10 method=sun.security.provider.DigestBase.engineDigest([BII)I @ 97
Event: 5.588 Thread 0x000000001ff77000 Uncommon trap: reason=class_check action=maybe_recompile pc=0x00000000041d1f10 method=sun.security.provider.DigestBase.engineDigest([BII)I @ 97
Event: 5.588 Thread 0x000000001ff77000 Uncommon trap: reason=class_check action=maybe_recompile pc=0x00000000041d1f10 method=sun.security.provider.DigestBase.engineDigest([BII)I @ 97
Event: 5.588 Thread 0x000000001ff77000 Uncommon trap: reason=class_check action=maybe_recompile pc=0x00000000041d1f10 method=sun.security.provider.DigestBase.engineDigest([BII)I @ 97
Event: 5.921 Thread 0x000000000357e000 Uncommon trap: reason=unstable_if action=reinterpret pc=0x0000000003691a38 method=java.lang.ref.Finalizer.remove()V @ 10
Event: 5.974 Thread 0x000000001e103000 Uncommon trap: reason=bimorphic action=maybe_recompile pc=0x0000000003c340e8 method=java.lang.ClassLoader.loadClass(Ljava/lang/String;Z)Ljava/lang/Class; @ 70
Event: 5.975 Thread 0x000000001e103000 Uncommon trap: reason=bimorphic action=maybe_recompile pc=0x0000000003c340e8 method=java.lang.ClassLoader.loadClass(Ljava/lang/String;Z)Ljava/lang/Class; @ 70

Classes redefined (0 events):
No events

Internal exceptions (10 events):
Event: 4.469 Thread 0x000000001e103000 Exception <a 'java/lang/ClassNotFoundException': org/springframework/beans/factory/BeanClassLoaderAwareCustomizer> (0x000000077b709828) thrown at [C:\re\workspace\8-2-build-windows-amd64-cygwin\jdk8u202\12323\hotspot\src\share\vm\classfile\systemDictionar
Event: 4.472 Thread 0x000000001e103000 Exception <a 'java/lang/ClassNotFoundException': org/springframework/beans/factory/AwareCustomizer> (0x000000077b7211a8) thrown at [C:\re\workspace\8-2-build-windows-amd64-cygwin\jdk8u202\12323\hotspot\src\share\vm\classfile\systemDictionary.cpp, line 210
Event: 4.474 Thread 0x000000001e103000 Exception <a 'java/lang/ClassNotFoundException': org/springframework/context/EmbeddedValueResolverAwareCustomizer> (0x000000077b73b850) thrown at [C:\re\workspace\8-2-build-windows-amd64-cygwin\jdk8u202\12323\hotspot\src\share\vm\classfile\systemDictionar
Event: 4.475 Thread 0x000000001e103000 Exception <a 'java/lang/ClassNotFoundException': org/springframework/beans/factory/AwareCustomizer> (0x000000077b752dd0) thrown at [C:\re\workspace\8-2-build-windows-amd64-cygwin\jdk8u202\12323\hotspot\src\share\vm\classfile\systemDictionary.cpp, line 210
Event: 4.476 Thread 0x000000001e103000 Exception <a 'java/lang/ClassNotFoundException': org/springframework/context/annotation/ImportAwareCustomizer> (0x000000077b76c468) thrown at [C:\re\workspace\8-2-build-windows-amd64-cygwin\jdk8u202\12323\hotspot\src\share\vm\classfile\systemDictionary.cp
Event: 4.477 Thread 0x000000001e103000 Exception <a 'java/lang/ClassNotFoundException': org/springframework/beans/factory/AwareCustomizer> (0x000000077b7839f8) thrown at [C:\re\workspace\8-2-build-windows-amd64-cygwin\jdk8u202\12323\hotspot\src\share\vm\classfile\systemDictionary.cpp, line 210
Event: 4.479 Thread 0x000000001e103000 Exception <a 'java/lang/ClassNotFoundException': org/springframework/context/ApplicationContextAwareCustomizer> (0x000000077b79d5e8) thrown at [C:\re\workspace\8-2-build-windows-amd64-cygwin\jdk8u202\12323\hotspot\src\share\vm\classfile\systemDictionary.c
Event: 4.480 Thread 0x000000001e103000 Exception <a 'java/lang/ClassNotFoundException': org/springframework/beans/factory/AwareCustomizer> (0x000000077b7b5090) thrown at [C:\re\workspace\8-2-build-windows-amd64-cygwin\jdk8u202\12323\hotspot\src\share\vm\classfile\systemDictionary.cpp, line 210
Event: 4.531 Thread 0x000000001e103000 Exception <a 'java/lang/NoSuchMethodError': java.lang.Object.lambda$static$0(Ljava/lang/Object;)Ljava/lang/Object;> (0x000000077ba91490) thrown at [C:\re\workspace\8-2-build-windows-amd64-cygwin\jdk8u202\12323\hotspot\src\share\vm\interpreter\linkResolver
Event: 4.546 Thread 0x000000001e103000 Implicit null exception at 0x00000000037f0156 to 0x00000000037f04e9

Events (10 events):
Event: 6.015 loading class org/hibernate/annotations/common/reflection/java/JavaReflectionManager
Event: 6.015 loading class org/hibernate/annotations/common/reflection/java/JavaReflectionManager done
Event: 6.015 loading class org/hibernate/annotations/common/reflection/java/JavaXMethod
Event: 6.015 loading class org/hibernate/annotations/common/reflection/java/JavaXMethod done
Event: 6.015 loading class org/hibernate/annotations/common/reflection/XMethod
Event: 6.016 loading class org/hibernate/annotations/common/reflection/XMethod done
Event: 6.016 loading class org/hibernate/annotations/common/reflection/java/JavaReflectionManager
Event: 6.016 loading class org/hibernate/annotations/common/reflection/java/JavaReflectionManager done
Event: 6.016 loading class org/hibernate/cfg/annotations/reflection/JPAMetadataProvider
Event: 6.016 loading class org/hibernate/cfg/annotations/reflection/JPAMetadataProvider done


Dynamic libraries:
0x00007ff77a8c0000 - 0x00007ff77a8f7000 	C:\WindowWorks\pleiades\java\8\bin\javaw.exe
0x00007ffd5d8b0000 - 0x00007ffd5daa6000 	C:\WINDOWS\SYSTEM32\ntdll.dll
0x00007ffd5d6d0000 - 0x00007ffd5d78d000 	C:\WINDOWS\System32\KERNEL32.DLL
0x00007ffd5b260000 - 0x00007ffd5b529000 	C:\WINDOWS\System32\KERNELBASE.dll
0x00007ffd5bda0000 - 0x00007ffd5be4c000 	C:\WINDOWS\System32\ADVAPI32.dll
0x00007ffd5cce0000 - 0x00007ffd5cd7e000 	C:\WINDOWS\System32\msvcrt.dll
0x00007ffd5ca90000 - 0x00007ffd5cb2c000 	C:\WINDOWS\System32\sechost.dll
0x00007ffd5be50000 - 0x00007ffd5bf7b000 	C:\WINDOWS\System32\RPCRT4.dll
0x00007ffd5cde0000 - 0x00007ffd5cf80000 	C:\WINDOWS\System32\USER32.dll
0x00007ffd5b6d0000 - 0x00007ffd5b6f2000 	C:\WINDOWS\System32\win32u.dll
0x00007ffd5c1d0000 - 0x00007ffd5c1fa000 	C:\WINDOWS\System32\GDI32.dll
0x00007ffd5b150000 - 0x00007ffd5b25b000 	C:\WINDOWS\System32\gdi32full.dll
0x00007ffd5b530000 - 0x00007ffd5b5cd000 	C:\WINDOWS\System32\msvcp_win.dll
0x00007ffd5b5d0000 - 0x00007ffd5b6d0000 	C:\WINDOWS\System32\ucrtbase.dll
0x00007ffd473a0000 - 0x00007ffd4763b000 	C:\WINDOWS\WinSxS\amd64_microsoft.windows.common-controls_6595b64144ccf1df_6.0.19041.746_none_ca02b4b61b8320a4\COMCTL32.dll
0x00007ffd5bf90000 - 0x00007ffd5bfc0000 	C:\WINDOWS\System32\IMM32.DLL
0x0000000073c50000 - 0x0000000073d22000 	C:\WindowWorks\pleiades\java\8\jre\bin\msvcr100.dll
0x0000000070640000 - 0x0000000070ee5000 	C:\WindowWorks\pleiades\java\8\jre\bin\server\jvm.dll
0x00007ffd5bf80000 - 0x00007ffd5bf88000 	C:\WINDOWS\System32\PSAPI.DLL
0x00007ffd414a0000 - 0x00007ffd414a9000 	C:\WINDOWS\SYSTEM32\WSOCK32.dll
0x00007ffd51590000 - 0x00007ffd5159a000 	C:\WINDOWS\SYSTEM32\VERSION.dll
0x00007ffd515a0000 - 0x00007ffd515c7000 	C:\WINDOWS\SYSTEM32\WINMM.dll
0x00007ffd5c860000 - 0x00007ffd5c8cb000 	C:\WINDOWS\System32\WS2_32.dll
0x00007ffd56800000 - 0x00007ffd5680f000 	C:\WindowWorks\pleiades\java\8\jre\bin\verify.dll
0x00007ffd41820000 - 0x00007ffd41849000 	C:\WindowWorks\pleiades\java\8\jre\bin\java.dll
0x00007ffd567c0000 - 0x00007ffd567d6000 	C:\WindowWorks\pleiades\java\8\jre\bin\zip.dll
0x00007ffd5cf80000 - 0x00007ffd5d6c2000 	C:\WINDOWS\System32\SHELL32.dll
0x00007ffd58e40000 - 0x00007ffd595d0000 	C:\WINDOWS\SYSTEM32\windows.storage.dll
0x00007ffd5b910000 - 0x00007ffd5bc66000 	C:\WINDOWS\System32\combase.dll
0x00007ffd5a980000 - 0x00007ffd5a9ac000 	C:\WINDOWS\SYSTEM32\Wldp.dll
0x00007ffd5c200000 - 0x00007ffd5c2ae000 	C:\WINDOWS\System32\SHCORE.dll
0x00007ffd5d790000 - 0x00007ffd5d7e5000 	C:\WINDOWS\System32\shlwapi.dll
0x00007ffd5af20000 - 0x00007ffd5af46000 	C:\WINDOWS\SYSTEM32\profapi.dll
0x00007ffd54b50000 - 0x00007ffd54b5d000 	C:\WindowWorks\pleiades\java\8\jre\bin\management.dll
0x00007ffd41800000 - 0x00007ffd4181a000 	C:\WindowWorks\pleiades\java\8\jre\bin\net.dll
0x00007ffd4c510000 - 0x00007ffd4c6fe000 	C:\WINDOWS\SYSTEM32\urlmon.dll
0x00007ffd4c260000 - 0x00007ffd4c510000 	C:\WINDOWS\SYSTEM32\iertutil.dll
0x00007ffd5a700000 - 0x00007ffd5a76a000 	C:\WINDOWS\system32\mswsock.dll
0x00007ffd13240000 - 0x00007ffd13257000 	C:\WINDOWS\system32\napinsp.dll
0x00007ffd19750000 - 0x00007ffd1976b000 	C:\WINDOWS\system32\pnrpnsp.dll
0x00007ffd55cb0000 - 0x00007ffd55cc5000 	C:\WINDOWS\system32\wshbth.dll
0x00007ffd56700000 - 0x00007ffd5671d000 	C:\WINDOWS\system32\NLAapi.dll
0x00007ffd5a3f0000 - 0x00007ffd5a42b000 	C:\WINDOWS\SYSTEM32\IPHLPAPI.DLL
0x00007ffd5a430000 - 0x00007ffd5a4fb000 	C:\WINDOWS\SYSTEM32\DNSAPI.dll
0x00007ffd5c850000 - 0x00007ffd5c858000 	C:\WINDOWS\System32\NSI.dll
0x00007ffd2fde0000 - 0x00007ffd2fdf2000 	C:\WINDOWS\System32\winrnr.dll
0x00007ffd53750000 - 0x00007ffd5375a000 	C:\Windows\System32\rasadhlp.dll
0x00007ffd4d330000 - 0x00007ffd4d3af000 	C:\WINDOWS\System32\fwpuclnt.dll
0x00007ffd5b040000 - 0x00007ffd5b067000 	C:\WINDOWS\System32\bcrypt.dll
0x00007ffd417e0000 - 0x00007ffd417f2000 	C:\WindowWorks\pleiades\java\8\jre\bin\nio.dll
0x00007ffd5a8d0000 - 0x00007ffd5a8e8000 	C:\WINDOWS\SYSTEM32\CRYPTSP.dll
0x00007ffd5a0a0000 - 0x00007ffd5a0d4000 	C:\WINDOWS\system32\rsaenh.dll
0x00007ffd5aea0000 - 0x00007ffd5aece000 	C:\WINDOWS\SYSTEM32\USERENV.dll
0x00007ffd5b0d0000 - 0x00007ffd5b150000 	C:\WINDOWS\System32\bcryptprimitives.dll
0x00007ffd5a8f0000 - 0x00007ffd5a8fc000 	C:\WINDOWS\SYSTEM32\CRYPTBASE.dll
0x00007ffd4e810000 - 0x00007ffd4e827000 	C:\WINDOWS\SYSTEM32\dhcpcsvc6.DLL
0x00007ffd4ece0000 - 0x00007ffd4ecfd000 	C:\WINDOWS\SYSTEM32\dhcpcsvc.DLL
0x00007ffd417b0000 - 0x00007ffd417d4000 	C:\WindowWorks\pleiades\java\8\jre\bin\sunec.dll

VM Arguments:
jvm_args: -Dfile.encoding=UTF-8 
java_command: jp.dcnet.DcnetShopApplication
java_class_path (initial): C:\WindowWorks\pleiades\workspace\dcnet_shop\target\classes;C:\Users\ykofi\.m2\repository\org\springframework\boot\spring-boot-starter-data-jpa\2.4.3\spring-boot-starter-data-jpa-2.4.3.jar;C:\Users\ykofi\.m2\repository\org\springframework\boot\spring-boot-starter-aop\2.4.3\spring-boot-starter-aop-2.4.3.jar;C:\Users\ykofi\.m2\repository\org\springframework\spring-aop\5.3.4\spring-aop-5.3.4.jar;C:\Users\ykofi\.m2\repository\org\aspectj\aspectjweaver\1.9.6\aspectjweaver-1.9.6.jar;C:\Users\ykofi\.m2\repository\org\springframework\boot\spring-boot-starter-jdbc\2.4.3\spring-boot-starter-jdbc-2.4.3.jar;C:\Users\ykofi\.m2\repository\com\zaxxer\HikariCP\3.4.5\HikariCP-3.4.5.jar;C:\Users\ykofi\.m2\repository\jakarta\transaction\jakarta.transaction-api\1.3.3\jakarta.transaction-api-1.3.3.jar;C:\Users\ykofi\.m2\repository\jakarta\persistence\jakarta.persistence-api\2.2.3\jakarta.persistence-api-2.2.3.jar;C:\Users\ykofi\.m2\repository\org\hibernate\hibernate-core\5.4.28.Final\hibernate-core-5.4.28.Final.jar;C:\Users\ykofi\.m2\repository\org\jboss\logging\jboss-logging\3.4.1.Final\jboss-logging-3.4.1.Final.jar;C:\Users\ykofi\.m2\repository\org\javassist\javassist\3.27.0-GA\javassist-3.27.0-GA.jar;C:\Users\ykofi\.m2\repository\net\bytebuddy\byte-buddy\1.10.20\byte-buddy-1.10.20.jar;C:\Users\ykofi\.m2\repository\antlr\antlr\2.7.7\antlr-2.7.7.jar;C:\Users\ykofi\.m2\repository\org\jboss\jandex\2.2.3.Final\jandex-2.2.3.Final.jar;C:\Users\ykofi\.m2\repository\com\fasterxml\classmate\1.5.1\classmate-1.5.1.jar;C:\Users\ykofi\.m2\repository\org\dom4j\dom4j\2.1.3\dom4j-2.1.3.jar;C:\Users\ykofi\.m2\repository\org\hibernate\common\hibernate-commons-annotations\5.1.2.Final\hibernate-commons-annotations-5.1.2.Final.jar;C:\Users\ykofi\.m2\repository\org\glassfish\jaxb\jaxb-runtime\2.3.3\jaxb-runtime-2.3.3.jar;C:\Users\ykofi\.m2\repository\org\glassfish\jaxb\txw2\2.3.3\txw2-2.3.3.jar;C:\Users\ykofi\.m2\repository\com\sun\istack\istack-commons-runtime\3.0.11\istack-co
Launcher Type: SUN_STANDARD

Environment Variables:
PATH=C:/WindowWorks/pleiades/eclipse//jre/bin/server;C:/WindowWorks/pleiades/eclipse//jre/bin;C:\Program Files\Common Files\Oracle\Java\javapath;C:\Program Files (x86)\Common Files\Oracle\Java\javapath;C:\Program Files (x86)\Common Files\Intel\Shared Libraries\redist\intel64\compiler;C:\WINDOWS\system32;C:\WINDOWS;C:\WINDOWS\System32\Wbem;C:\WINDOWS\System32\WindowsPowerShell\v1.0\;C:\WINDOWS\System32\OpenSSH\;C:\Users\ykofi\AppData\Local\Microsoft\WindowsApps;;C:\WindowWorks\VScode\Microsoft VS Code\bin;C:\WindowWorks\pleiades\eclipse;
USERNAME=ykofi
OS=Windows_NT
PROCESSOR_IDENTIFIER=AMD64 Family 23 Model 24 Stepping 1, AuthenticAMD



---------------  S Y S T E M  ---------------

OS: Windows 10.0 , 64 bit Build 19041 (10.0.19041.804)

CPU:total 4 (initial active 4) (4 cores per cpu, 1 threads per core) family 23 model 24 stepping 1, cmov, cx8, fxsr, mmx, sse, sse2, sse3, ssse3, sse4.1, sse4.2, popcnt, avx, avx2, aes, clmul, mmxext, 3dnowpref, lzcnt, sse4a, tsc, tscinvbit, tscinv, bmi1

Memory: 4k page, physical 14554952k(1312408k free), swap 14554952k(5176k free)

vm_info: Java HotSpot(TM) 64-Bit Server VM (25.202-b08) for windows-amd64 JRE (1.8.0_202-b08), built on Dec 15 2018 19:54:30 by "java_re" with MS VC++ 10.0 (VS2010)

time: Fri Mar 12 16:46:27 2021
timezone: ìåãû (ïWèÄéû)
elapsed time: 6 seconds (0d 0h 0m 6s)

